{"connectionId":10,"start":1601305302272,"end":1601305302372,"query":"SELECT * FROM table"}
{"connectionId":101,"start":1601305302372,"end":1601305302472,"query":"SELECT a FROM table"}
{"connectionId":10,"start":1601305302322,"end":1601305302422,"query":"SELECT b FROM table"}
{"connectionId":23,"start":1601305302472,"end":1601305302572,"query":"DELETE FROM table;"}
{"connectionId":4,"start":1601305302272,"end":1601305302572,"query":"DELETE FROM table;"}
{"connectionId":4,"start":1601305302472,"end":1601305302772,"query":"DELETE FROM table;"}
{"connectionId":3,"start":1601305302672,"end":1601305302972,"query":"DELETE FROM table;"}
{"connectionId":9,"start":1601305302872,"end":1601305303172,"query":"DELETE FROM table;"}
{"connectionId":3,"start":1601305303072,"end":1601305303372,"query":"DELETE FROM table;"}
{"connectionId":1,"start":1601305303272,"end":1601305303572,"query":"DELETE FROM table;"}
{"connectionId":8,"start":1601305303472,"end":1601305303772,"query":"DELETE FROM table;"}
{"connectionId":1,"start":1601305303672,"end":1601305303972,"query":"DELETE FROM table;"}
{"connectionId":2,"start":1601305303872,"end":1601305304172,"query":"DELETE FROM table;"}
{"connectionId":7,"start":1601305304072,"end":1601305304372,"query":"DELETE FROM table;"}
{"connectionId":7,"start":1601305304272,"end":1601305304572,"query":"DELETE FROM table;"}
{"connectionId":2,"start":1601305304472,"end":1601305304772,"query":"DELETE FROM table;"}
{"connectionId":6,"start":1601305304672,"end":1601305304972,"query":"DELETE FROM table;"}
{"connectionId":4,"start":1601305304872,"end":1601305305172,"query":"DELETE FROM table;"}
{"connectionId":9,"start":1601305305072,"end":1601305305372,"query":"DELETE FROM table;"}
{"connectionId":1,"start":1601305305272,"end":1601305305572,"query":"DELETE FROM table;"}
{"connectionId":8,"start":1601305305472,"end":1601305305772,"query":"DELETE FROM table;"}
{"connectionId":8,"start":1601305305672,"end":1601305305972,"query":"DELETE FROM table;"}
{"connectionId":9,"start":1601305305872,"end":1601305306172,"query":"DELETE FROM table;"}
{"connectionId":1,"start":1601305306072,"end":1601305306372,"query":"DELETE FROM table;"}
{"connectionId":2,"start":1601305306272,"end":1601305306572,"query":"DELETE FROM table;"}
{"connectionId":4,"start":1601305306472,"end":1601305306772,"query":"DELETE FROM table;"}
{"connectionId":2,"start":1601305306672,"end":1601305306972,"query":"DELETE FROM table;"}
{"connectionId":1,"start":1601305306872,"end":1601305307172,"query":"DELETE FROM table;"}
{"connectionId":9,"start":1601305307072,"end":1601305307372,"query":"DELETE FROM table;"}
{"connectionId":4,"start":1601305307272,"end":1601305307572,"query":"DELETE FROM table;"}
{"connectionId":0,"start":1601305307472,"end":1601305307772,"query":"DELETE FROM table;"}
{"connectionId":9,"start":1601305307672,"end":1601305307972,"query":"DELETE FROM table;"}
{"connectionId":7,"start":1601305307872,"end":1601305308172,"query":"DELETE FROM table;"}
{"connectionId":8,"start":1601305308072,"end":1601305308372,"query":"DELETE FROM table;"}
{"connectionId":2,"start":1601305308272,"end":1601305308572,"query":"DELETE FROM table;"}
{"connectionId":2,"start":1601305308472,"end":1601305308772,"query":"DELETE FROM table;"}
{"connectionId":4,"start":1601305308672,"end":1601305308972,"query":"DELETE FROM table;"}
{"connectionId":4,"start":1601305308872,"end":1601305309172,"query":"DELETE FROM table;"}
{"connectionId":0,"start":1601305309072,"end":1601305309372,"query":"DELETE FROM table;"}
{"connectionId":6,"start":1601305309272,"end":1601305309572,"query":"DELETE FROM table;"}
{"connectionId":9,"start":1601305309472,"end":1601305309772,"query":"DELETE FROM table;"}
{"connectionId":8,"start":1601305309672,"end":1601305309972,"query":"DELETE FROM table;"}
{"connectionId":0,"start":1601305309872,"end":1601305310172,"query":"DELETE FROM table;"}
{"connectionId":5,"start":1601305310072,"end":1601305310372,"query":"DELETE FROM table;"}
{"connectionId":6,"start":1601305310272,"end":1601305310572,"query":"DELETE FROM table;"}
{"connectionId":2,"start":1601305310472,"end":1601305310772,"query":"DELETE FROM table;"}
{"connectionId":2,"start":1601305310672,"end":1601305310972,"query":"DELETE FROM table;"}
{"connectionId":7,"start":1601305310872,"end":1601305311172,"query":"DELETE FROM table;"}
{"connectionId":4,"start":1601305311072,"end":1601305311372,"query":"DELETE FROM table;"}
{"connectionId":9,"start":1601305311272,"end":1601305311572,"query":"DELETE FROM table;"}
{"connectionId":8,"start":1601305311472,"end":1601305311772,"query":"DELETE FROM table;"}
{"connectionId":9,"start":1601305311672,"end":1601305311972,"query":"DELETE FROM table;"}
{"connectionId":8,"start":1601305311872,"end":1601305312172,"query":"DELETE FROM table;"}
{"connectionId":6,"start":1601305312072,"end":1601305312372,"query":"DELETE FROM table;"}
{"connectionId":9,"start":1601305312272,"end":1601305312572,"query":"DELETE FROM table;"}
{"connectionId":0,"start":1601305312472,"end":1601305312772,"query":"DELETE FROM table;"}
{"connectionId":5,"start":1601305312672,"end":1601305312972,"query":"DELETE FROM table;"}
{"connectionId":7,"start":1601305312872,"end":1601305313172,"query":"DELETE FROM table;"}
{"connectionId":2,"start":1601305313072,"end":1601305313372,"query":"DELETE FROM table;"}
{"connectionId":7,"start":1601305313272,"end":1601305313572,"query":"DELETE FROM table;"}
{"connectionId":2,"start":1601305313472,"end":1601305313772,"query":"DELETE FROM table;"}
{"connectionId":8,"start":1601305313672,"end":1601305313972,"query":"DELETE FROM table;"}
{"connectionId":9,"start":1601305313872,"end":1601305314172,"query":"DELETE FROM table;"}
{"connectionId":2,"start":1601305314072,"end":1601305314372,"query":"DELETE FROM table;"}
{"connectionId":3,"start":1601305314272,"end":1601305314572,"query":"DELETE FROM table;"}
{"connectionId":2,"start":1601305314472,"end":1601305314772,"query":"DELETE FROM table;"}
{"connectionId":3,"start":1601305314672,"end":1601305314972,"query":"DELETE FROM table;"}
{"connectionId":6,"start":1601305314872,"end":1601305315172,"query":"DELETE FROM table;"}
{"connectionId":1,"start":1601305315072,"end":1601305315372,"query":"DELETE FROM table;"}
{"connectionId":5,"start":1601305315272,"end":1601305315572,"query":"DELETE FROM table;"}
{"connectionId":5,"start":1601305315472,"end":1601305315772,"query":"DELETE FROM table;"}
{"connectionId":9,"start":1601305315672,"end":1601305315972,"query":"DELETE FROM table;"}
{"connectionId":2,"start":1601305315872,"end":1601305316172,"query":"DELETE FROM table;"}
{"connectionId":2,"start":1601305316072,"end":1601305316372,"query":"DELETE FROM table;"}
{"connectionId":3,"start":1601305316272,"end":1601305316572,"query":"DELETE FROM table;"}
{"connectionId":0,"start":1601305316472,"end":1601305316772,"query":"DELETE FROM table;"}
{"connectionId":6,"start":1601305316672,"end":1601305316972,"query":"DELETE FROM table;"}
{"connectionId":0,"start":1601305316872,"end":1601305317172,"query":"DELETE FROM table;"}
{"connectionId":2,"start":1601305317072,"end":1601305317372,"query":"DELETE FROM table;"}
{"connectionId":2,"start":1601305317272,"end":1601305317572,"query":"DELETE FROM table;"}
{"connectionId":2,"start":1601305317472,"end":1601305317772,"query":"DELETE FROM table;"}
{"connectionId":1,"start":1601305317672,"end":1601305317972,"query":"DELETE FROM table;"}
{"connectionId":5,"start":1601305317872,"end":1601305318172,"query":"DELETE FROM table;"}
{"connectionId":0,"start":1601305318072,"end":1601305318372,"query":"DELETE FROM table;"}
{"connectionId":7,"start":1601305318272,"end":1601305318572,"query":"DELETE FROM table;"}
{"connectionId":7,"start":1601305318472,"end":1601305318772,"query":"DELETE FROM table;"}
{"connectionId":6,"start":1601305318672,"end":1601305318972,"query":"DELETE FROM table;"}
{"connectionId":5,"start":1601305318872,"end":1601305319172,"query":"DELETE FROM table;"}
{"connectionId":2,"start":1601305319072,"end":1601305319372,"query":"DELETE FROM table;"}
{"connectionId":9,"start":1601305319272,"end":1601305319572,"query":"DELETE FROM table;"}
{"connectionId":5,"start":1601305319472,"end":1601305319772,"query":"DELETE FROM table;"}
{"connectionId":6,"start":1601305319672,"end":1601305319972,"query":"DELETE FROM table;"}
{"connectionId":7,"start":1601305319872,"end":1601305320172,"query":"DELETE FROM table;"}
{"connectionId":4,"start":1601305320072,"end":1601305320372,"query":"DELETE FROM table;"}
{"connectionId":9,"start":1601305320272,"end":1601305320572,"query":"DELETE FROM table;"}
{"connectionId":8,"start":1601305320472,"end":1601305320772,"query":"DELETE FROM table;"}
{"connectionId":6,"start":1601305320672,"end":1601305320972,"query":"DELETE FROM table;"}
{"connectionId":8,"start":1601305320872,"end":1601305321172,"query":"DELETE FROM table;"}
{"connectionId":6,"start":1601305321072,"end":1601305321372,"query":"DELETE FROM table;"}
{"connectionId":2,"start":1601305321272,"end":1601305321572,"query":"DELETE FROM table;"}
{"connectionId":5,"start":1601305321472,"end":1601305321772,"query":"DELETE FROM table;"}
{"connectionId":6,"start":1601305321672,"end":1601305321972,"query":"DELETE FROM table;"}
{"connectionId":3,"start":1601305321872,"end":1601305322172,"query":"DELETE FROM table;"}
{"connectionId":7,"start":1601305322072,"end":1601305322372,"query":"DELETE FROM table;"}
{"connectionId":3,"start":1601305322272,"end":1601305322572,"query":"DELETE FROM table;"}
{"connectionId":3,"start":1601305322472,"end":1601305322772,"query":"DELETE FROM table;"}
{"connectionId":0,"start":1601305322672,"end":1601305322972,"query":"DELETE FROM table;"}
{"connectionId":3,"start":1601305322872,"end":1601305323172,"query":"DELETE FROM table;"}
{"connectionId":0,"start":1601305323072,"end":1601305323372,"query":"DELETE FROM table;"}
{"connectionId":7,"start":1601305323272,"end":1601305323572,"query":"DELETE FROM table;"}
{"connectionId":2,"start":1601305323472,"end":1601305323772,"query":"DELETE FROM table;"}
{"connectionId":3,"start":1601305323672,"end":1601305323972,"query":"DELETE FROM table;"}
{"connectionId":9,"start":1601305323872,"end":1601305324172,"query":"DELETE FROM table;"}
{"connectionId":4,"start":1601305324072,"end":1601305324372,"query":"DELETE FROM table;"}
{"connectionId":4,"start":1601305324272,"end":1601305324572,"query":"DELETE FROM table;"}
{"connectionId":0,"start":1601305324472,"end":1601305324772,"query":"DELETE FROM table;"}
{"connectionId":3,"start":1601305324672,"end":1601305324972,"query":"DELETE FROM table;"}
{"connectionId":2,"start":1601305324872,"end":1601305325172,"query":"DELETE FROM table;"}
{"connectionId":1,"start":1601305325072,"end":1601305325372,"query":"DELETE FROM table;"}
{"connectionId":1,"start":1601305325272,"end":1601305325572,"query":"DELETE FROM table;"}
{"connectionId":8,"start":1601305325472,"end":1601305325772,"query":"DELETE FROM table;"}
{"connectionId":4,"start":1601305325672,"end":1601305325972,"query":"DELETE FROM table;"}
{"connectionId":8,"start":1601305325872,"end":1601305326172,"query":"DELETE FROM table;"}
{"connectionId":4,"start":1601305326072,"end":1601305326372,"query":"DELETE FROM table;"}
{"connectionId":3,"start":1601305326272,"end":1601305326572,"query":"DELETE FROM table;"}
{"connectionId":6,"start":1601305326472,"end":1601305326772,"query":"DELETE FROM table;"}
{"connectionId":5,"start":1601305326672,"end":1601305326972,"query":"DELETE FROM table;"}
{"connectionId":8,"start":1601305326872,"end":1601305327172,"query":"DELETE FROM table;"}
{"connectionId":0,"start":1601305327072,"end":1601305327372,"query":"DELETE FROM table;"}
{"connectionId":1,"start":1601305327272,"end":1601305327572,"query":"DELETE FROM table;"}
{"connectionId":8,"start":1601305327472,"end":1601305327772,"query":"DELETE FROM table;"}
{"connectionId":2,"start":1601305327672,"end":1601305327972,"query":"DELETE FROM table;"}
{"connectionId":4,"start":1601305327872,"end":1601305328172,"query":"DELETE FROM table;"}
{"connectionId":4,"start":1601305328072,"end":1601305328372,"query":"DELETE FROM table;"}
{"connectionId":7,"start":1601305328272,"end":1601305328572,"query":"DELETE FROM table;"}
{"connectionId":7,"start":1601305328472,"end":1601305328772,"query":"DELETE FROM table;"}
{"connectionId":3,"start":1601305328672,"end":1601305328972,"query":"DELETE FROM table;"}
{"connectionId":2,"start":1601305328872,"end":1601305329172,"query":"DELETE FROM table;"}
{"connectionId":9,"start":1601305329072,"end":1601305329372,"query":"DELETE FROM table;"}
{"connectionId":9,"start":1601305329272,"end":1601305329572,"query":"DELETE FROM table;"}
{"connectionId":1,"start":1601305329472,"end":1601305329772,"query":"DELETE FROM table;"}
{"connectionId":5,"start":1601305329672,"end":1601305329972,"query":"DELETE FROM table;"}
{"connectionId":6,"start":1601305329872,"end":1601305330172,"query":"DELETE FROM table;"}
{"connectionId":5,"start":1601305330072,"end":1601305330372,"query":"DELETE FROM table;"}
{"connectionId":9,"start":1601305330272,"end":1601305330572,"query":"DELETE FROM table;"}
{"connectionId":8,"start":1601305330472,"end":1601305330772,"query":"DELETE FROM table;"}
{"connectionId":9,"start":1601305330672,"end":1601305330972,"query":"DELETE FROM table;"}
{"connectionId":0,"start":1601305330872,"end":1601305331172,"query":"DELETE FROM table;"}
{"connectionId":7,"start":1601305331072,"end":1601305331372,"query":"DELETE FROM table;"}
{"connectionId":4,"start":1601305331272,"end":1601305331572,"query":"DELETE FROM table;"}
{"connectionId":4,"start":1601305331472,"end":1601305331772,"query":"DELETE FROM table;"}
{"connectionId":2,"start":1601305331672,"end":1601305331972,"query":"DELETE FROM table;"}
{"connectionId":9,"start":1601305331872,"end":1601305332172,"query":"DELETE FROM table;"}
{"connectionId":2,"start":1601305332072,"end":1601305332372,"query":"DELETE FROM table;"}
{"connectionId":0,"start":1601305332272,"end":1601305332572,"query":"DELETE FROM table;"}
{"connectionId":5,"start":1601305332472,"end":1601305332772,"query":"DELETE FROM table;"}
{"connectionId":8,"start":1601305332672,"end":1601305332972,"query":"DELETE FROM table;"}
{"connectionId":5,"start":1601305332872,"end":1601305333172,"query":"DELETE FROM table;"}
{"connectionId":3,"start":1601305333072,"end":1601305333372,"query":"DELETE FROM table;"}
{"connectionId":8,"start":1601305333272,"end":1601305333572,"query":"DELETE FROM table;"}
{"connectionId":6,"start":1601305333472,"end":1601305333772,"query":"DELETE FROM table;"}
{"connectionId":9,"start":1601305333672,"end":1601305333972,"query":"DELETE FROM table;"}
{"connectionId":5,"start":1601305333872,"end":1601305334172,"query":"DELETE FROM table;"}
{"connectionId":9,"start":1601305334072,"end":1601305334372,"query":"DELETE FROM table;"}
{"connectionId":3,"start":1601305334272,"end":1601305334572,"query":"DELETE FROM table;"}
{"connectionId":8,"start":1601305334472,"end":1601305334772,"query":"DELETE FROM table;"}
{"connectionId":6,"start":1601305334672,"end":1601305334972,"query":"DELETE FROM table;"}
{"connectionId":6,"start":1601305334872,"end":1601305335172,"query":"DELETE FROM table;"}
{"connectionId":2,"start":1601305335072,"end":1601305335372,"query":"DELETE FROM table;"}
{"connectionId":3,"start":1601305335272,"end":1601305335572,"query":"DELETE FROM table;"}
{"connectionId":5,"start":1601305335472,"end":1601305335772,"query":"DELETE FROM table;"}
{"connectionId":2,"start":1601305335672,"end":1601305335972,"query":"DELETE FROM table;"}
{"connectionId":1,"start":1601305335872,"end":1601305336172,"query":"DELETE FROM table;"}
{"connectionId":4,"start":1601305336072,"end":1601305336372,"query":"DELETE FROM table;"}
{"connectionId":2,"start":1601305336272,"end":1601305336572,"query":"DELETE FROM table;"}
{"connectionId":8,"start":1601305336472,"end":1601305336772,"query":"DELETE FROM table;"}
{"connectionId":5,"start":1601305336672,"end":1601305336972,"query":"DELETE FROM table;"}
{"connectionId":0,"start":1601305336872,"end":1601305337172,"query":"DELETE FROM table;"}
{"connectionId":1,"start":1601305337072,"end":1601305337372,"query":"DELETE FROM table;"}
{"connectionId":0,"start":1601305337272,"end":1601305337572,"query":"DELETE FROM table;"}
{"connectionId":6,"start":1601305337472,"end":1601305337772,"query":"DELETE FROM table;"}
{"connectionId":3,"start":1601305337672,"end":1601305337972,"query":"DELETE FROM table;"}
{"connectionId":4,"start":1601305337872,"end":1601305338172,"query":"DELETE FROM table;"}
{"connectionId":7,"start":1601305338072,"end":1601305338372,"query":"DELETE FROM table;"}
{"connectionId":1,"start":1601305338272,"end":1601305338572,"query":"DELETE FROM table;"}
{"connectionId":0,"start":1601305338472,"end":1601305338772,"query":"DELETE FROM table;"}
{"connectionId":1,"start":1601305338672,"end":1601305338972,"query":"DELETE FROM table;"}
{"connectionId":3,"start":1601305338872,"end":1601305339172,"query":"DELETE FROM table;"}
{"connectionId":0,"start":1601305339072,"end":1601305339372,"query":"DELETE FROM table;"}
{"connectionId":2,"start":1601305339272,"end":1601305339572,"query":"DELETE FROM table;"}
{"connectionId":3,"start":1601305339472,"end":1601305339772,"query":"DELETE FROM table;"}
{"connectionId":5,"start":1601305339672,"end":1601305339972,"query":"DELETE FROM table;"}
{"connectionId":1,"start":1601305339872,"end":1601305340172,"query":"DELETE FROM table;"}
{"connectionId":7,"start":1601305340072,"end":1601305340372,"query":"DELETE FROM table;"}
{"connectionId":1,"start":1601305340272,"end":1601305340572,"query":"DELETE FROM table;"}
{"connectionId":5,"start":1601305340472,"end":1601305340772,"query":"DELETE FROM table;"}
{"connectionId":1,"start":1601305340672,"end":1601305340972,"query":"DELETE FROM table;"}
{"connectionId":9,"start":1601305340872,"end":1601305341172,"query":"DELETE FROM table;"}
{"connectionId":9,"start":1601305341072,"end":1601305341372,"query":"DELETE FROM table;"}
{"connectionId":6,"start":1601305341272,"end":1601305341572,"query":"DELETE FROM table;"}
{"connectionId":4,"start":1601305341472,"end":1601305341772,"query":"DELETE FROM table;"}
{"connectionId":4,"start":1601305341672,"end":1601305341972,"query":"DELETE FROM table;"}
{"connectionId":9,"start":1601305341872,"end":1601305342172,"query":"DELETE FROM table;"}
{"connectionId":4,"start":1601305342072,"end":1601305342372,"query":"DELETE FROM table;"}
{"connectionId":3,"start":1601305342272,"end":1601305342572,"query":"DELETE FROM table;"}
{"connectionId":8,"start":1601305342472,"end":1601305342772,"query":"DELETE FROM table;"}
{"connectionId":3,"start":1601305342672,"end":1601305342972,"query":"DELETE FROM table;"}
{"connectionId":9,"start":1601305342872,"end":1601305343172,"query":"DELETE FROM table;"}
{"connectionId":3,"start":1601305343072,"end":1601305343372,"query":"DELETE FROM table;"}
{"connectionId":6,"start":1601305343272,"end":1601305343572,"query":"DELETE FROM table;"}
{"connectionId":6,"start":1601305343472,"end":1601305343772,"query":"DELETE FROM table;"}
{"connectionId":5,"start":1601305343672,"end":1601305343972,"query":"DELETE FROM table;"}
{"connectionId":9,"start":1601305343872,"end":1601305344172,"query":"DELETE FROM table;"}
{"connectionId":5,"start":1601305344072,"end":1601305344372,"query":"DELETE FROM table;"}
{"connectionId":5,"start":1601305344272,"end":1601305344572,"query":"DELETE FROM table;"}
{"connectionId":5,"start":1601305344472,"end":1601305344772,"query":"DELETE FROM table;"}
{"connectionId":8,"start":1601305344672,"end":1601305344972,"query":"DELETE FROM table;"}
{"connectionId":2,"start":1601305344872,"end":1601305345172,"query":"DELETE FROM table;"}
{"connectionId":1,"start":1601305345072,"end":1601305345372,"query":"DELETE FROM table;"}
{"connectionId":6,"start":1601305345272,"end":1601305345572,"query":"DELETE FROM table;"}
{"connectionId":2,"start":1601305345472,"end":1601305345772,"query":"DELETE FROM table;"}
{"connectionId":7,"start":1601305345672,"end":1601305345972,"query":"DELETE FROM table;"}
{"connectionId":0,"start":1601305345872,"end":1601305346172,"query":"DELETE FROM table;"}
{"connectionId":1,"start":1601305346072,"end":1601305346372,"query":"DELETE FROM table;"}
{"connectionId":8,"start":1601305346272,"end":1601305346572,"query":"DELETE FROM table;"}
{"connectionId":6,"start":1601305346472,"end":1601305346772,"query":"DELETE FROM table;"}
{"connectionId":4,"start":1601305346672,"end":1601305346972,"query":"DELETE FROM table;"}
{"connectionId":1,"start":1601305346872,"end":1601305347172,"query":"DELETE FROM table;"}
{"connectionId":8,"start":1601305347072,"end":1601305347372,"query":"DELETE FROM table;"}
{"connectionId":7,"start":1601305347272,"end":1601305347572,"query":"DELETE FROM table;"}
{"connectionId":9,"start":1601305347472,"end":1601305347772,"query":"DELETE FROM table;"}
{"connectionId":0,"start":1601305347672,"end":1601305347972,"query":"DELETE FROM table;"}
{"connectionId":3,"start":1601305347872,"end":1601305348172,"query":"DELETE FROM table;"}
{"connectionId":1,"start":1601305348072,"end":1601305348372,"query":"DELETE FROM table;"}
{"connectionId":1,"start":1601305348272,"end":1601305348572,"query":"DELETE FROM table;"}
{"connectionId":7,"start":1601305348472,"end":1601305348772,"query":"DELETE FROM table;"}
{"connectionId":4,"start":1601305348672,"end":1601305348972,"query":"DELETE FROM table;"}
{"connectionId":8,"start":1601305348872,"end":1601305349172,"query":"DELETE FROM table;"}
{"connectionId":8,"start":1601305349072,"end":1601305349372,"query":"DELETE FROM table;"}
{"connectionId":9,"start":1601305349272,"end":1601305349572,"query":"DELETE FROM table;"}
{"connectionId":1,"start":1601305349472,"end":1601305349772,"query":"DELETE FROM table;"}
{"connectionId":3,"start":1601305349672,"end":1601305349972,"query":"DELETE FROM table;"}
{"connectionId":7,"start":1601305349872,"end":1601305350172,"query":"DELETE FROM table;"}
{"connectionId":9,"start":1601305350072,"end":1601305350372,"query":"DELETE FROM table;"}
{"connectionId":4,"start":1601305350272,"end":1601305350572,"query":"DELETE FROM table;"}
{"connectionId":1,"start":1601305350472,"end":1601305350772,"query":"DELETE FROM table;"}
{"connectionId":0,"start":1601305350672,"end":1601305350972,"query":"DELETE FROM table;"}
{"connectionId":5,"start":1601305350872,"end":1601305351172,"query":"DELETE FROM table;"}
{"connectionId":1,"start":1601305351072,"end":1601305351372,"query":"DELETE FROM table;"}
{"connectionId":3,"start":1601305351272,"end":1601305351572,"query":"DELETE FROM table;"}
{"connectionId":3,"start":1601305351472,"end":1601305351772,"query":"DELETE FROM table;"}
{"connectionId":5,"start":1601305351672,"end":1601305351972,"query":"DELETE FROM table;"}
{"connectionId":6,"start":1601305351872,"end":1601305352172,"query":"DELETE FROM table;"}
{"connectionId":8,"start":1601305352072,"end":1601305352372,"query":"DELETE FROM table;"}
{"connectionId":1,"start":1601305352272,"end":1601305352572,"query":"DELETE FROM table;"}
{"connectionId":2,"start":1601305352472,"end":1601305352772,"query":"DELETE FROM table;"}
{"connectionId":7,"start":1601305352672,"end":1601305352972,"query":"DELETE FROM table;"}
{"connectionId":9,"start":1601305352872,"end":1601305353172,"query":"DELETE FROM table;"}
{"connectionId":8,"start":1601305353072,"end":1601305353372,"query":"DELETE FROM table;"}
{"connectionId":3,"start":1601305353272,"end":1601305353572,"query":"DELETE FROM table;"}
{"connectionId":4,"start":1601305353472,"end":1601305353772,"query":"DELETE FROM table;"}
{"connectionId":4,"start":1601305353672,"end":1601305353972,"query":"DELETE FROM table;"}
{"connectionId":2,"start":1601305353872,"end":1601305354172,"query":"DELETE FROM table;"}
{"connectionId":2,"start":1601305354072,"end":1601305354372,"query":"DELETE FROM table;"}
{"connectionId":2,"start":1601305354272,"end":1601305354572,"query":"DELETE FROM table;"}
{"connectionId":0,"start":1601305354472,"end":1601305354772,"query":"DELETE FROM table;"}
{"connectionId":6,"start":1601305354672,"end":1601305354972,"query":"DELETE FROM table;"}
{"connectionId":6,"start":1601305354872,"end":1601305355172,"query":"DELETE FROM table;"}
{"connectionId":9,"start":1601305355072,"end":1601305355372,"query":"DELETE FROM table;"}
{"connectionId":6,"start":1601305355272,"end":1601305355572,"query":"DELETE FROM table;"}
{"connectionId":5,"start":1601305355472,"end":1601305355772,"query":"DELETE FROM table;"}
{"connectionId":1,"start":1601305355672,"end":1601305355972,"query":"DELETE FROM table;"}
{"connectionId":0,"start":1601305355872,"end":1601305356172,"query":"DELETE FROM table;"}
{"connectionId":2,"start":1601305356072,"end":1601305356372,"query":"DELETE FROM table;"}
{"connectionId":3,"start":1601305356272,"end":1601305356572,"query":"DELETE FROM table;"}
{"connectionId":0,"start":1601305356472,"end":1601305356772,"query":"DELETE FROM table;"}
{"connectionId":3,"start":1601305356672,"end":1601305356972,"query":"DELETE FROM table;"}
{"connectionId":3,"start":1601305356872,"end":1601305357172,"query":"DELETE FROM table;"}
{"connectionId":0,"start":1601305357072,"end":1601305357372,"query":"DELETE FROM table;"}
{"connectionId":3,"start":1601305357272,"end":1601305357572,"query":"DELETE FROM table;"}
{"connectionId":2,"start":1601305357472,"end":1601305357772,"query":"DELETE FROM table;"}
{"connectionId":9,"start":1601305357672,"end":1601305357972,"query":"DELETE FROM table;"}
{"connectionId":8,"start":1601305357872,"end":1601305358172,"query":"DELETE FROM table;"}
{"connectionId":9,"start":1601305358072,"end":1601305358372,"query":"DELETE FROM table;"}
{"connectionId":9,"start":1601305358272,"end":1601305358572,"query":"DELETE FROM table;"}
{"connectionId":8,"start":1601305358472,"end":1601305358772,"query":"DELETE FROM table;"}
{"connectionId":0,"start":1601305358672,"end":1601305358972,"query":"DELETE FROM table;"}
{"connectionId":3,"start":1601305358872,"end":1601305359172,"query":"DELETE FROM table;"}
{"connectionId":4,"start":1601305359072,"end":1601305359372,"query":"DELETE FROM table;"}
{"connectionId":9,"start":1601305359272,"end":1601305359572,"query":"DELETE FROM table;"}
{"connectionId":3,"start":1601305359472,"end":1601305359772,"query":"DELETE FROM table;"}
{"connectionId":3,"start":1601305359672,"end":1601305359972,"query":"DELETE FROM table;"}
{"connectionId":8,"start":1601305359872,"end":1601305360172,"query":"DELETE FROM table;"}
{"connectionId":6,"start":1601305360072,"end":1601305360372,"query":"DELETE FROM table;"}
{"connectionId":8,"start":1601305360272,"end":1601305360572,"query":"DELETE FROM table;"}
{"connectionId":9,"start":1601305360472,"end":1601305360772,"query":"DELETE FROM table;"}
{"connectionId":1,"start":1601305360672,"end":1601305360972,"query":"DELETE FROM table;"}
{"connectionId":1,"start":1601305360872,"end":1601305361172,"query":"DELETE FROM table;"}
{"connectionId":6,"start":1601305361072,"end":1601305361372,"query":"DELETE FROM table;"}
{"connectionId":4,"start":1601305361272,"end":1601305361572,"query":"DELETE FROM table;"}
{"connectionId":1,"start":1601305361472,"end":1601305361772,"query":"DELETE FROM table;"}
{"connectionId":3,"start":1601305361672,"end":1601305361972,"query":"DELETE FROM table;"}
{"connectionId":6,"start":1601305361872,"end":1601305362172,"query":"DELETE FROM table;"}
{"connectionId":9,"start":1601305362072,"end":1601305362372,"query":"DELETE FROM table;"}
{"connectionId":3,"start":1601305362272,"end":1601305362572,"query":"DELETE FROM table;"}
{"connectionId":2,"start":1601305362472,"end":1601305362772,"query":"DELETE FROM table;"}
{"connectionId":4,"start":1601305362672,"end":1601305362972,"query":"DELETE FROM table;"}
{"connectionId":5,"start":1601305362872,"end":1601305363172,"query":"DELETE FROM table;"}
{"connectionId":6,"start":1601305363072,"end":1601305363372,"query":"DELETE FROM table;"}
{"connectionId":8,"start":1601305363272,"end":1601305363572,"query":"DELETE FROM table;"}
{"connectionId":6,"start":1601305363472,"end":1601305363772,"query":"DELETE FROM table;"}
{"connectionId":7,"start":1601305363672,"end":1601305363972,"query":"DELETE FROM table;"}
{"connectionId":8,"start":1601305363872,"end":1601305364172,"query":"DELETE FROM table;"}
{"connectionId":5,"start":1601305364072,"end":1601305364372,"query":"DELETE FROM table;"}
{"connectionId":0,"start":1601305364272,"end":1601305364572,"query":"DELETE FROM table;"}
{"connectionId":3,"start":1601305364472,"end":1601305364772,"query":"DELETE FROM table;"}
{"connectionId":1,"start":1601305364672,"end":1601305364972,"query":"DELETE FROM table;"}
{"connectionId":2,"start":1601305364872,"end":1601305365172,"query":"DELETE FROM table;"}
{"connectionId":7,"start":1601305365072,"end":1601305365372,"query":"DELETE FROM table;"}
{"connectionId":7,"start":1601305365272,"end":1601305365572,"query":"DELETE FROM table;"}
{"connectionId":6,"start":1601305365472,"end":1601305365772,"query":"DELETE FROM table;"}
{"connectionId":2,"start":1601305365672,"end":1601305365972,"query":"DELETE FROM table;"}
{"connectionId":4,"start":1601305365872,"end":1601305366172,"query":"DELETE FROM table;"}
{"connectionId":8,"start":1601305366072,"end":1601305366372,"query":"DELETE FROM table;"}
{"connectionId":5,"start":1601305366272,"end":1601305366572,"query":"DELETE FROM table;"}
{"connectionId":6,"start":1601305366472,"end":1601305366772,"query":"DELETE FROM table;"}
{"connectionId":9,"start":1601305366672,"end":1601305366972,"query":"DELETE FROM table;"}
{"connectionId":6,"start":1601305366872,"end":1601305367172,"query":"DELETE FROM table;"}
{"connectionId":9,"start":1601305367072,"end":1601305367372,"query":"DELETE FROM table;"}
{"connectionId":5,"start":1601305367272,"end":1601305367572,"query":"DELETE FROM table;"}
{"connectionId":2,"start":1601305367472,"end":1601305367772,"query":"DELETE FROM table;"}
{"connectionId":7,"start":1601305367672,"end":1601305367972,"query":"DELETE FROM table;"}
{"connectionId":7,"start":1601305367872,"end":1601305368172,"query":"DELETE FROM table;"}
{"connectionId":3,"start":1601305368072,"end":1601305368372,"query":"DELETE FROM table;"}
{"connectionId":7,"start":1601305368272,"end":1601305368572,"query":"DELETE FROM table;"}
{"connectionId":7,"start":1601305368472,"end":1601305368772,"query":"DELETE FROM table;"}
{"connectionId":8,"start":1601305368672,"end":1601305368972,"query":"DELETE FROM table;"}
{"connectionId":5,"start":1601305368872,"end":1601305369172,"query":"DELETE FROM table;"}
{"connectionId":7,"start":1601305369072,"end":1601305369372,"query":"DELETE FROM table;"}
{"connectionId":8,"start":1601305369272,"end":1601305369572,"query":"DELETE FROM table;"}
{"connectionId":9,"start":1601305369472,"end":1601305369772,"query":"DELETE FROM table;"}
{"connectionId":5,"start":1601305369672,"end":1601305369972,"query":"DELETE FROM table;"}
{"connectionId":7,"start":1601305369872,"end":1601305370172,"query":"DELETE FROM table;"}
{"connectionId":4,"start":1601305370072,"end":1601305370372,"query":"DELETE FROM table;"}
{"connectionId":9,"start":1601305370272,"end":1601305370572,"query":"DELETE FROM table;"}
{"connectionId":2,"start":1601305370472,"end":1601305370772,"query":"DELETE FROM table;"}
{"connectionId":8,"start":1601305370672,"end":1601305370972,"query":"DELETE FROM table;"}
{"connectionId":9,"start":1601305370872,"end":1601305371172,"query":"DELETE FROM table;"}
{"connectionId":8,"start":1601305371072,"end":1601305371372,"query":"DELETE FROM table;"}
{"connectionId":8,"start":1601305371272,"end":1601305371572,"query":"DELETE FROM table;"}
{"connectionId":9,"start":1601305371472,"end":1601305371772,"query":"DELETE FROM table;"}
{"connectionId":2,"start":1601305371672,"end":1601305371972,"query":"DELETE FROM table;"}
{"connectionId":2,"start":1601305371872,"end":1601305372172,"query":"DELETE FROM table;"}
{"connectionId":6,"start":1601305372072,"end":1601305372372,"query":"DELETE FROM table;"}
{"connectionId":2,"start":1601305372272,"end":1601305372572,"query":"DELETE FROM table;"}
{"connectionId":3,"start":1601305372472,"end":1601305372772,"query":"DELETE FROM table;"}
{"connectionId":7,"start":1601305372672,"end":1601305372972,"query":"DELETE FROM table;"}
{"connectionId":1,"start":1601305372872,"end":1601305373172,"query":"DELETE FROM table;"}
{"connectionId":8,"start":1601305373072,"end":1601305373372,"query":"DELETE FROM table;"}
{"connectionId":1,"start":1601305373272,"end":1601305373572,"query":"DELETE FROM table;"}
{"connectionId":8,"start":1601305373472,"end":1601305373772,"query":"DELETE FROM table;"}
{"connectionId":3,"start":1601305373672,"end":1601305373972,"query":"DELETE FROM table;"}
{"connectionId":4,"start":1601305373872,"end":1601305374172,"query":"DELETE FROM table;"}
{"connectionId":4,"start":1601305374072,"end":1601305374372,"query":"DELETE FROM table;"}
{"connectionId":2,"start":1601305374272,"end":1601305374572,"query":"DELETE FROM table;"}
{"connectionId":5,"start":1601305374472,"end":1601305374772,"query":"DELETE FROM table;"}
{"connectionId":8,"start":1601305374672,"end":1601305374972,"query":"DELETE FROM table;"}
{"connectionId":0,"start":1601305374872,"end":1601305375172,"query":"DELETE FROM table;"}
{"connectionId":1,"start":1601305375072,"end":1601305375372,"query":"DELETE FROM table;"}
{"connectionId":1,"start":1601305375272,"end":1601305375572,"query":"DELETE FROM table;"}
{"connectionId":9,"start":1601305375472,"end":1601305375772,"query":"DELETE FROM table;"}
{"connectionId":0,"start":1601305375672,"end":1601305375972,"query":"DELETE FROM table;"}
{"connectionId":1,"start":1601305375872,"end":1601305376172,"query":"DELETE FROM table;"}
{"connectionId":7,"start":1601305376072,"end":1601305376372,"query":"DELETE FROM table;"}
{"connectionId":6,"start":1601305376272,"end":1601305376572,"query":"DELETE FROM table;"}
{"connectionId":3,"start":1601305376472,"end":1601305376772,"query":"DELETE FROM table;"}
{"connectionId":0,"start":1601305376672,"end":1601305376972,"query":"DELETE FROM table;"}
{"connectionId":5,"start":1601305376872,"end":1601305377172,"query":"DELETE FROM table;"}
{"connectionId":9,"start":1601305377072,"end":1601305377372,"query":"DELETE FROM table;"}
{"connectionId":9,"start":1601305377272,"end":1601305377572,"query":"DELETE FROM table;"}
{"connectionId":2,"start":1601305377472,"end":1601305377772,"query":"DELETE FROM table;"}
{"connectionId":8,"start":1601305377672,"end":1601305377972,"query":"DELETE FROM table;"}
{"connectionId":7,"start":1601305377872,"end":1601305378172,"query":"DELETE FROM table;"}
{"connectionId":7,"start":1601305378072,"end":1601305378372,"query":"DELETE FROM table;"}
{"connectionId":2,"start":1601305378272,"end":1601305378572,"query":"DELETE FROM table;"}
{"connectionId":6,"start":1601305378472,"end":1601305378772,"query":"DELETE FROM table;"}
{"connectionId":3,"start":1601305378672,"end":1601305378972,"query":"DELETE FROM table;"}
{"connectionId":7,"start":1601305378872,"end":1601305379172,"query":"DELETE FROM table;"}
{"connectionId":3,"start":1601305379072,"end":1601305379372,"query":"DELETE FROM table;"}
{"connectionId":9,"start":1601305379272,"end":1601305379572,"query":"DELETE FROM table;"}
{"connectionId":5,"start":1601305379472,"end":1601305379772,"query":"DELETE FROM table;"}
{"connectionId":6,"start":1601305379672,"end":1601305379972,"query":"DELETE FROM table;"}
{"connectionId":3,"start":1601305379872,"end":1601305380172,"query":"DELETE FROM table;"}
{"connectionId":0,"start":1601305380072,"end":1601305380372,"query":"DELETE FROM table;"}
{"connectionId":3,"start":1601305380272,"end":1601305380572,"query":"DELETE FROM table;"}
{"connectionId":0,"start":1601305380472,"end":1601305380772,"query":"DELETE FROM table;"}
{"connectionId":2,"start":1601305380672,"end":1601305380972,"query":"DELETE FROM table;"}
{"connectionId":9,"start":1601305380872,"end":1601305381172,"query":"DELETE FROM table;"}
{"connectionId":3,"start":1601305381072,"end":1601305381372,"query":"DELETE FROM table;"}
{"connectionId":5,"start":1601305381272,"end":1601305381572,"query":"DELETE FROM table;"}
{"connectionId":5,"start":1601305381472,"end":1601305381772,"query":"DELETE FROM table;"}
{"connectionId":9,"start":1601305381672,"end":1601305381972,"query":"DELETE FROM table;"}
{"connectionId":7,"start":1601305381872,"end":1601305382172,"query":"DELETE FROM table;"}
{"connectionId":7,"start":1601305382072,"end":1601305382372,"query":"DELETE FROM table;"}
{"connectionId":5,"start":1601305382272,"end":1601305382572,"query":"DELETE FROM table;"}
{"connectionId":6,"start":1601305382472,"end":1601305382772,"query":"DELETE FROM table;"}
{"connectionId":2,"start":1601305382672,"end":1601305382972,"query":"DELETE FROM table;"}
{"connectionId":9,"start":1601305382872,"end":1601305383172,"query":"DELETE FROM table;"}
{"connectionId":5,"start":1601305383072,"end":1601305383372,"query":"DELETE FROM table;"}
{"connectionId":4,"start":1601305383272,"end":1601305383572,"query":"DELETE FROM table;"}
{"connectionId":0,"start":1601305383472,"end":1601305383772,"query":"DELETE FROM table;"}
{"connectionId":8,"start":1601305383672,"end":1601305383972,"query":"DELETE FROM table;"}
{"connectionId":5,"start":1601305383872,"end":1601305384172,"query":"DELETE FROM table;"}
{"connectionId":3,"start":1601305384072,"end":1601305384372,"query":"DELETE FROM table;"}
{"connectionId":1,"start":1601305384272,"end":1601305384572,"query":"DELETE FROM table;"}
{"connectionId":3,"start":1601305384472,"end":1601305384772,"query":"DELETE FROM table;"}
{"connectionId":7,"start":1601305384672,"end":1601305384972,"query":"DELETE FROM table;"}
{"connectionId":9,"start":1601305384872,"end":1601305385172,"query":"DELETE FROM table;"}
{"connectionId":9,"start":1601305385072,"end":1601305385372,"query":"DELETE FROM table;"}
{"connectionId":2,"start":1601305385272,"end":1601305385572,"query":"DELETE FROM table;"}
{"connectionId":4,"start":1601305385472,"end":1601305385772,"query":"DELETE FROM table;"}
{"connectionId":7,"start":1601305385672,"end":1601305385972,"query":"DELETE FROM table;"}
{"connectionId":8,"start":1601305385872,"end":1601305386172,"query":"DELETE FROM table;"}
{"connectionId":4,"start":1601305386072,"end":1601305386372,"query":"DELETE FROM table;"}
{"connectionId":1,"start":1601305386272,"end":1601305386572,"query":"DELETE FROM table;"}
{"connectionId":6,"start":1601305386472,"end":1601305386772,"query":"DELETE FROM table;"}
{"connectionId":2,"start":1601305386672,"end":1601305386972,"query":"DELETE FROM table;"}
{"connectionId":5,"start":1601305386872,"end":1601305387172,"query":"DELETE FROM table;"}
{"connectionId":8,"start":1601305387072,"end":1601305387372,"query":"DELETE FROM table;"}
{"connectionId":5,"start":1601305387272,"end":1601305387572,"query":"DELETE FROM table;"}
{"connectionId":3,"start":1601305387472,"end":1601305387772,"query":"DELETE FROM table;"}
{"connectionId":0,"start":1601305387672,"end":1601305387972,"query":"DELETE FROM table;"}
{"connectionId":5,"start":1601305387872,"end":1601305388172,"query":"DELETE FROM table;"}
{"connectionId":9,"start":1601305388072,"end":1601305388372,"query":"DELETE FROM table;"}
{"connectionId":2,"start":1601305388272,"end":1601305388572,"query":"DELETE FROM table;"}
{"connectionId":0,"start":1601305388472,"end":1601305388772,"query":"DELETE FROM table;"}
{"connectionId":2,"start":1601305388672,"end":1601305388972,"query":"DELETE FROM table;"}
{"connectionId":5,"start":1601305388872,"end":1601305389172,"query":"DELETE FROM table;"}
{"connectionId":3,"start":1601305389072,"end":1601305389372,"query":"DELETE FROM table;"}
{"connectionId":5,"start":1601305389272,"end":1601305389572,"query":"DELETE FROM table;"}
{"connectionId":1,"start":1601305389472,"end":1601305389772,"query":"DELETE FROM table;"}
{"connectionId":1,"start":1601305389672,"end":1601305389972,"query":"DELETE FROM table;"}
{"connectionId":9,"start":1601305389872,"end":1601305390172,"query":"DELETE FROM table;"}
{"connectionId":8,"start":1601305390072,"end":1601305390372,"query":"DELETE FROM table;"}
{"connectionId":3,"start":1601305390272,"end":1601305390572,"query":"DELETE FROM table;"}
{"connectionId":1,"start":1601305390472,"end":1601305390772,"query":"DELETE FROM table;"}
{"connectionId":1,"start":1601305390672,"end":1601305390972,"query":"DELETE FROM table;"}
{"connectionId":8,"start":1601305390872,"end":1601305391172,"query":"DELETE FROM table;"}
{"connectionId":2,"start":1601305391072,"end":1601305391372,"query":"DELETE FROM table;"}
{"connectionId":3,"start":1601305391272,"end":1601305391572,"query":"DELETE FROM table;"}
{"connectionId":5,"start":1601305391472,"end":1601305391772,"query":"DELETE FROM table;"}
{"connectionId":6,"start":1601305391672,"end":1601305391972,"query":"DELETE FROM table;"}
{"connectionId":2,"start":1601305391872,"end":1601305392172,"query":"DELETE FROM table;"}
{"connectionId":5,"start":1601305392072,"end":1601305392372,"query":"DELETE FROM table;"}
{"connectionId":2,"start":1601305392272,"end":1601305392572,"query":"DELETE FROM table;"}
{"connectionId":1,"start":1601305392472,"end":1601305392772,"query":"DELETE FROM table;"}
{"connectionId":9,"start":1601305392672,"end":1601305392972,"query":"DELETE FROM table;"}
{"connectionId":3,"start":1601305392872,"end":1601305393172,"query":"DELETE FROM table;"}
{"connectionId":6,"start":1601305393072,"end":1601305393372,"query":"DELETE FROM table;"}
{"connectionId":0,"start":1601305393272,"end":1601305393572,"query":"DELETE FROM table;"}
{"connectionId":8,"start":1601305393472,"end":1601305393772,"query":"DELETE FROM table;"}
{"connectionId":1,"start":1601305393672,"end":1601305393972,"query":"DELETE FROM table;"}
{"connectionId":7,"start":1601305393872,"end":1601305394172,"query":"DELETE FROM table;"}
{"connectionId":3,"start":1601305394072,"end":1601305394372,"query":"DELETE FROM table;"}
{"connectionId":0,"start":1601305394272,"end":1601305394572,"query":"DELETE FROM table;"}
{"connectionId":7,"start":1601305394472,"end":1601305394772,"query":"DELETE FROM table;"}
{"connectionId":8,"start":1601305394672,"end":1601305394972,"query":"DELETE FROM table;"}
{"connectionId":8,"start":1601305394872,"end":1601305395172,"query":"DELETE FROM table;"}
{"connectionId":3,"start":1601305395072,"end":1601305395372,"query":"DELETE FROM table;"}
{"connectionId":1,"start":1601305395272,"end":1601305395572,"query":"DELETE FROM table;"}
{"connectionId":4,"start":1601305395472,"end":1601305395772,"query":"DELETE FROM table;"}
{"connectionId":1,"start":1601305395672,"end":1601305395972,"query":"DELETE FROM table;"}
{"connectionId":5,"start":1601305395872,"end":1601305396172,"query":"DELETE FROM table;"}
{"connectionId":9,"start":1601305396072,"end":1601305396372,"query":"DELETE FROM table;"}
{"connectionId":1,"start":1601305396272,"end":1601305396572,"query":"DELETE FROM table;"}
{"connectionId":6,"start":1601305396472,"end":1601305396772,"query":"DELETE FROM table;"}
{"connectionId":4,"start":1601305396672,"end":1601305396972,"query":"DELETE FROM table;"}
{"connectionId":8,"start":1601305396872,"end":1601305397172,"query":"DELETE FROM table;"}
{"connectionId":7,"start":1601305397072,"end":1601305397372,"query":"DELETE FROM table;"}
{"connectionId":2,"start":1601305397272,"end":1601305397572,"query":"DELETE FROM table;"}
{"connectionId":6,"start":1601305397472,"end":1601305397772,"query":"DELETE FROM table;"}
{"connectionId":2,"start":1601305397672,"end":1601305397972,"query":"DELETE FROM table;"}
{"connectionId":2,"start":1601305397872,"end":1601305398172,"query":"DELETE FROM table;"}
{"connectionId":3,"start":1601305398072,"end":1601305398372,"query":"DELETE FROM table;"}
{"connectionId":0,"start":1601305398272,"end":1601305398572,"query":"DELETE FROM table;"}
{"connectionId":7,"start":1601305398472,"end":1601305398772,"query":"DELETE FROM table;"}
{"connectionId":4,"start":1601305398672,"end":1601305398972,"query":"DELETE FROM table;"}
{"connectionId":2,"start":1601305398872,"end":1601305399172,"query":"DELETE FROM table;"}
{"connectionId":4,"start":1601305399072,"end":1601305399372,"query":"DELETE FROM table;"}
{"connectionId":4,"start":1601305399272,"end":1601305399572,"query":"DELETE FROM table;"}
{"connectionId":1,"start":1601305399472,"end":1601305399772,"query":"DELETE FROM table;"}
{"connectionId":8,"start":1601305399672,"end":1601305399972,"query":"DELETE FROM table;"}
{"connectionId":3,"start":1601305399872,"end":1601305400172,"query":"DELETE FROM table;"}
{"connectionId":5,"start":1601305400072,"end":1601305400372,"query":"DELETE FROM table;"}
{"connectionId":1,"start":1601305400272,"end":1601305400572,"query":"DELETE FROM table;"}
{"connectionId":1,"start":1601305400472,"end":1601305400772,"query":"DELETE FROM table;"}
{"connectionId":8,"start":1601305400672,"end":1601305400972,"query":"DELETE FROM table;"}
{"connectionId":5,"start":1601305400872,"end":1601305401172,"query":"DELETE FROM table;"}
{"connectionId":6,"start":1601305401072,"end":1601305401372,"query":"DELETE FROM table;"}
{"connectionId":7,"start":1601305401272,"end":1601305401572,"query":"DELETE FROM table;"}
{"connectionId":2,"start":1601305401472,"end":1601305401772,"query":"DELETE FROM table;"}
{"connectionId":4,"start":1601305401672,"end":1601305401972,"query":"DELETE FROM table;"}
{"connectionId":0,"start":1601305401872,"end":1601305402172,"query":"DELETE FROM table;"}
{"connectionId":3,"start":1601305402072,"end":1601305402372,"query":"DELETE FROM table;"}
{"connectionId":9,"start":1601305402272,"end":1601305402572,"query":"DELETE FROM table;"}
{"connectionId":3,"start":1601305402472,"end":1601305402772,"query":"DELETE FROM table;"}
{"connectionId":8,"start":1601305402672,"end":1601305402972,"query":"DELETE FROM table;"}
{"connectionId":9,"start":1601305402872,"end":1601305403172,"query":"DELETE FROM table;"}
{"connectionId":8,"start":1601305403072,"end":1601305403372,"query":"DELETE FROM table;"}
{"connectionId":5,"start":1601305403272,"end":1601305403572,"query":"DELETE FROM table;"}
{"connectionId":7,"start":1601305403472,"end":1601305403772,"query":"DELETE FROM table;"}
{"connectionId":3,"start":1601305403672,"end":1601305403972,"query":"DELETE FROM table;"}
{"connectionId":7,"start":1601305403872,"end":1601305404172,"query":"DELETE FROM table;"}
{"connectionId":7,"start":1601305404072,"end":1601305404372,"query":"DELETE FROM table;"}
{"connectionId":3,"start":1601305404272,"end":1601305404572,"query":"DELETE FROM table;"}
{"connectionId":6,"start":1601305404472,"end":1601305404772,"query":"DELETE FROM table;"}
{"connectionId":1,"start":1601305404672,"end":1601305404972,"query":"DELETE FROM table;"}
{"connectionId":9,"start":1601305404872,"end":1601305405172,"query":"DELETE FROM table;"}
{"connectionId":0,"start":1601305405072,"end":1601305405372,"query":"DELETE FROM table;"}
{"connectionId":6,"start":1601305405272,"end":1601305405572,"query":"DELETE FROM table;"}
{"connectionId":6,"start":1601305405472,"end":1601305405772,"query":"DELETE FROM table;"}
{"connectionId":4,"start":1601305405672,"end":1601305405972,"query":"DELETE FROM table;"}
{"connectionId":2,"start":1601305405872,"end":1601305406172,"query":"DELETE FROM table;"}
{"connectionId":5,"start":1601305406072,"end":1601305406372,"query":"DELETE FROM table;"}
{"connectionId":4,"start":1601305406272,"end":1601305406572,"query":"DELETE FROM table;"}
{"connectionId":6,"start":1601305406472,"end":1601305406772,"query":"DELETE FROM table;"}
{"connectionId":4,"start":1601305406672,"end":1601305406972,"query":"DELETE FROM table;"}
{"connectionId":9,"start":1601305406872,"end":1601305407172,"query":"DELETE FROM table;"}
{"connectionId":5,"start":1601305407072,"end":1601305407372,"query":"DELETE FROM table;"}
{"connectionId":5,"start":1601305407272,"end":1601305407572,"query":"DELETE FROM table;"}
{"connectionId":6,"start":1601305407472,"end":1601305407772,"query":"DELETE FROM table;"}
{"connectionId":2,"start":1601305407672,"end":1601305407972,"query":"DELETE FROM table;"}
{"connectionId":4,"start":1601305407872,"end":1601305408172,"query":"DELETE FROM table;"}
{"connectionId":4,"start":1601305408072,"end":1601305408372,"query":"DELETE FROM table;"}
{"connectionId":8,"start":1601305408272,"end":1601305408572,"query":"DELETE FROM table;"}
{"connectionId":9,"start":1601305408472,"end":1601305408772,"query":"DELETE FROM table;"}
{"connectionId":7,"start":1601305408672,"end":1601305408972,"query":"DELETE FROM table;"}
{"connectionId":7,"start":1601305408872,"end":1601305409172,"query":"DELETE FROM table;"}
{"connectionId":2,"start":1601305409072,"end":1601305409372,"query":"DELETE FROM table;"}
{"connectionId":0,"start":1601305409272,"end":1601305409572,"query":"DELETE FROM table;"}
{"connectionId":4,"start":1601305409472,"end":1601305409772,"query":"DELETE FROM table;"}
{"connectionId":4,"start":1601305409672,"end":1601305409972,"query":"DELETE FROM table;"}
{"connectionId":7,"start":1601305409872,"end":1601305410172,"query":"DELETE FROM table;"}
{"connectionId":3,"start":1601305410072,"end":1601305410372,"query":"DELETE FROM table;"}
{"connectionId":1,"start":1601305410272,"end":1601305410572,"query":"DELETE FROM table;"}
{"connectionId":3,"start":1601305410472,"end":1601305410772,"query":"DELETE FROM table;"}
{"connectionId":5,"start":1601305410672,"end":1601305410972,"query":"DELETE FROM table;"}
{"connectionId":7,"start":1601305410872,"end":1601305411172,"query":"DELETE FROM table;"}
{"connectionId":0,"start":1601305411072,"end":1601305411372,"query":"DELETE FROM table;"}
{"connectionId":0,"start":1601305411272,"end":1601305411572,"query":"DELETE FROM table;"}
{"connectionId":0,"start":1601305411472,"end":1601305411772,"query":"DELETE FROM table;"}
{"connectionId":6,"start":1601305411672,"end":1601305411972,"query":"DELETE FROM table;"}
{"connectionId":8,"start":1601305411872,"end":1601305412172,"query":"DELETE FROM table;"}
{"connectionId":1,"start":1601305412072,"end":1601305412372,"query":"DELETE FROM table;"}
{"connectionId":7,"start":1601305412272,"end":1601305412572,"query":"DELETE FROM table;"}
{"connectionId":1,"start":1601305412472,"end":1601305412772,"query":"DELETE FROM table;"}
{"connectionId":0,"start":1601305412672,"end":1601305412972,"query":"DELETE FROM table;"}
{"connectionId":5,"start":1601305412872,"end":1601305413172,"query":"DELETE FROM table;"}
{"connectionId":3,"start":1601305413072,"end":1601305413372,"query":"DELETE FROM table;"}
{"connectionId":0,"start":1601305413272,"end":1601305413572,"query":"DELETE FROM table;"}
{"connectionId":1,"start":1601305413472,"end":1601305413772,"query":"DELETE FROM table;"}
{"connectionId":3,"start":1601305413672,"end":1601305413972,"query":"DELETE FROM table;"}
{"connectionId":7,"start":1601305413872,"end":1601305414172,"query":"DELETE FROM table;"}
{"connectionId":4,"start":1601305414072,"end":1601305414372,"query":"DELETE FROM table;"}
{"connectionId":9,"start":1601305414272,"end":1601305414572,"query":"DELETE FROM table;"}
{"connectionId":9,"start":1601305414472,"end":1601305414772,"query":"DELETE FROM table;"}
{"connectionId":9,"start":1601305414672,"end":1601305414972,"query":"DELETE FROM table;"}
{"connectionId":9,"start":1601305414872,"end":1601305415172,"query":"DELETE FROM table;"}
{"connectionId":2,"start":1601305415072,"end":1601305415372,"query":"DELETE FROM table;"}
{"connectionId":7,"start":1601305415272,"end":1601305415572,"query":"DELETE FROM table;"}
{"connectionId":5,"start":1601305415472,"end":1601305415772,"query":"DELETE FROM table;"}
{"connectionId":2,"start":1601305415672,"end":1601305415972,"query":"DELETE FROM table;"}
{"connectionId":9,"start":1601305415872,"end":1601305416172,"query":"DELETE FROM table;"}
{"connectionId":0,"start":1601305416072,"end":1601305416372,"query":"DELETE FROM table;"}
{"connectionId":3,"start":1601305416272,"end":1601305416572,"query":"DELETE FROM table;"}
{"connectionId":0,"start":1601305416472,"end":1601305416772,"query":"DELETE FROM table;"}
{"connectionId":6,"start":1601305416672,"end":1601305416972,"query":"DELETE FROM table;"}
{"connectionId":1,"start":1601305416872,"end":1601305417172,"query":"DELETE FROM table;"}
{"connectionId":2,"start":1601305417072,"end":1601305417372,"query":"DELETE FROM table;"}
{"connectionId":7,"start":1601305417272,"end":1601305417572,"query":"DELETE FROM table;"}
{"connectionId":6,"start":1601305417472,"end":1601305417772,"query":"DELETE FROM table;"}
{"connectionId":9,"start":1601305417672,"end":1601305417972,"query":"DELETE FROM table;"}
{"connectionId":7,"start":1601305417872,"end":1601305418172,"query":"DELETE FROM table;"}
{"connectionId":8,"start":1601305418072,"end":1601305418372,"query":"DELETE FROM table;"}
{"connectionId":6,"start":1601305418272,"end":1601305418572,"query":"DELETE FROM table;"}
{"connectionId":5,"start":1601305418472,"end":1601305418772,"query":"DELETE FROM table;"}
{"connectionId":0,"start":1601305418672,"end":1601305418972,"query":"DELETE FROM table;"}
{"connectionId":4,"start":1601305418872,"end":1601305419172,"query":"DELETE FROM table;"}
{"connectionId":8,"start":1601305419072,"end":1601305419372,"query":"DELETE FROM table;"}
{"connectionId":1,"start":1601305419272,"end":1601305419572,"query":"DELETE FROM table;"}
{"connectionId":7,"start":1601305419472,"end":1601305419772,"query":"DELETE FROM table;"}
{"connectionId":3,"start":1601305419672,"end":1601305419972,"query":"DELETE FROM table;"}
{"connectionId":4,"start":1601305419872,"end":1601305420172,"query":"DELETE FROM table;"}
{"connectionId":6,"start":1601305420072,"end":1601305420372,"query":"DELETE FROM table;"}
{"connectionId":6,"start":1601305420272,"end":1601305420572,"query":"DELETE FROM table;"}
{"connectionId":5,"start":1601305420472,"end":1601305420772,"query":"DELETE FROM table;"}
{"connectionId":3,"start":1601305420672,"end":1601305420972,"query":"DELETE FROM table;"}
{"connectionId":5,"start":1601305420872,"end":1601305421172,"query":"DELETE FROM table;"}
{"connectionId":2,"start":1601305421072,"end":1601305421372,"query":"DELETE FROM table;"}
{"connectionId":0,"start":1601305421272,"end":1601305421572,"query":"DELETE FROM table;"}
{"connectionId":7,"start":1601305421472,"end":1601305421772,"query":"DELETE FROM table;"}
{"connectionId":1,"start":1601305421672,"end":1601305421972,"query":"DELETE FROM table;"}
{"connectionId":8,"start":1601305421872,"end":1601305422172,"query":"DELETE FROM table;"}
{"connectionId":2,"start":1601305422072,"end":1601305422372,"query":"DELETE FROM table;"}
{"connectionId":3,"start":1601305422272,"end":1601305422572,"query":"DELETE FROM table;"}
{"connectionId":0,"start":1601305422472,"end":1601305422772,"query":"DELETE FROM table;"}
{"connectionId":1,"start":1601305422672,"end":1601305422972,"query":"DELETE FROM table;"}
{"connectionId":8,"start":1601305422872,"end":1601305423172,"query":"DELETE FROM table;"}
{"connectionId":8,"start":1601305423072,"end":1601305423372,"query":"DELETE FROM table;"}
{"connectionId":0,"start":1601305423272,"end":1601305423572,"query":"DELETE FROM table;"}
{"connectionId":5,"start":1601305423472,"end":1601305423772,"query":"DELETE FROM table;"}
{"connectionId":1,"start":1601305423672,"end":1601305423972,"query":"DELETE FROM table;"}
{"connectionId":4,"start":1601305423872,"end":1601305424172,"query":"DELETE FROM table;"}
{"connectionId":6,"start":1601305424072,"end":1601305424372,"query":"DELETE FROM table;"}
{"connectionId":6,"start":1601305424272,"end":1601305424572,"query":"DELETE FROM table;"}
{"connectionId":0,"start":1601305424472,"end":1601305424772,"query":"DELETE FROM table;"}
{"connectionId":3,"start":1601305424672,"end":1601305424972,"query":"DELETE FROM table;"}
{"connectionId":9,"start":1601305424872,"end":1601305425172,"query":"DELETE FROM table;"}
{"connectionId":3,"start":1601305425072,"end":1601305425372,"query":"DELETE FROM table;"}
{"connectionId":2,"start":1601305425272,"end":1601305425572,"query":"DELETE FROM table;"}
{"connectionId":8,"start":1601305425472,"end":1601305425772,"query":"DELETE FROM table;"}
{"connectionId":8,"start":1601305425672,"end":1601305425972,"query":"DELETE FROM table;"}
{"connectionId":7,"start":1601305425872,"end":1601305426172,"query":"DELETE FROM table;"}
{"connectionId":6,"start":1601305426072,"end":1601305426372,"query":"DELETE FROM table;"}
{"connectionId":2,"start":1601305426272,"end":1601305426572,"query":"DELETE FROM table;"}
{"connectionId":3,"start":1601305426472,"end":1601305426772,"query":"DELETE FROM table;"}
{"connectionId":8,"start":1601305426672,"end":1601305426972,"query":"DELETE FROM table;"}
{"connectionId":5,"start":1601305426872,"end":1601305427172,"query":"DELETE FROM table;"}
{"connectionId":1,"start":1601305427072,"end":1601305427372,"query":"DELETE FROM table;"}
{"connectionId":6,"start":1601305427272,"end":1601305427572,"query":"DELETE FROM table;"}
{"connectionId":9,"start":1601305427472,"end":1601305427772,"query":"DELETE FROM table;"}
{"connectionId":0,"start":1601305427672,"end":1601305427972,"query":"DELETE FROM table;"}
{"connectionId":7,"start":1601305427872,"end":1601305428172,"query":"DELETE FROM table;"}
{"connectionId":5,"start":1601305428072,"end":1601305428372,"query":"DELETE FROM table;"}
{"connectionId":5,"start":1601305428272,"end":1601305428572,"query":"DELETE FROM table;"}
{"connectionId":7,"start":1601305428472,"end":1601305428772,"query":"DELETE FROM table;"}
{"connectionId":3,"start":1601305428672,"end":1601305428972,"query":"DELETE FROM table;"}
{"connectionId":0,"start":1601305428872,"end":1601305429172,"query":"DELETE FROM table;"}
{"connectionId":8,"start":1601305429072,"end":1601305429372,"query":"DELETE FROM table;"}
{"connectionId":7,"start":1601305429272,"end":1601305429572,"query":"DELETE FROM table;"}
{"connectionId":8,"start":1601305429472,"end":1601305429772,"query":"DELETE FROM table;"}
{"connectionId":6,"start":1601305429672,"end":1601305429972,"query":"DELETE FROM table;"}
{"connectionId":0,"start":1601305429872,"end":1601305430172,"query":"DELETE FROM table;"}
{"connectionId":0,"start":1601305430072,"end":1601305430372,"query":"DELETE FROM table;"}
{"connectionId":4,"start":1601305430272,"end":1601305430572,"query":"DELETE FROM table;"}
{"connectionId":7,"start":1601305430472,"end":1601305430772,"query":"DELETE FROM table;"}
{"connectionId":7,"start":1601305430672,"end":1601305430972,"query":"DELETE FROM table;"}
{"connectionId":3,"start":1601305430872,"end":1601305431172,"query":"DELETE FROM table;"}
{"connectionId":9,"start":1601305431072,"end":1601305431372,"query":"DELETE FROM table;"}
{"connectionId":3,"start":1601305431272,"end":1601305431572,"query":"DELETE FROM table;"}
{"connectionId":4,"start":1601305431472,"end":1601305431772,"query":"DELETE FROM table;"}
{"connectionId":1,"start":1601305431672,"end":1601305431972,"query":"DELETE FROM table;"}
{"connectionId":6,"start":1601305431872,"end":1601305432172,"query":"DELETE FROM table;"}
{"connectionId":6,"start":1601305432072,"end":1601305432372,"query":"DELETE FROM table;"}
{"connectionId":1,"start":1601305432272,"end":1601305432572,"query":"DELETE FROM table;"}
{"connectionId":6,"start":1601305432472,"end":1601305432772,"query":"DELETE FROM table;"}
{"connectionId":6,"start":1601305432672,"end":1601305432972,"query":"DELETE FROM table;"}
{"connectionId":9,"start":1601305432872,"end":1601305433172,"query":"DELETE FROM table;"}
{"connectionId":6,"start":1601305433072,"end":1601305433372,"query":"DELETE FROM table;"}
{"connectionId":5,"start":1601305433272,"end":1601305433572,"query":"DELETE FROM table;"}
{"connectionId":5,"start":1601305433472,"end":1601305433772,"query":"DELETE FROM table;"}
{"connectionId":8,"start":1601305433672,"end":1601305433972,"query":"DELETE FROM table;"}
{"connectionId":2,"start":1601305433872,"end":1601305434172,"query":"DELETE FROM table;"}
{"connectionId":7,"start":1601305434072,"end":1601305434372,"query":"DELETE FROM table;"}
{"connectionId":9,"start":1601305434272,"end":1601305434572,"query":"DELETE FROM table;"}
{"connectionId":0,"start":1601305434472,"end":1601305434772,"query":"DELETE FROM table;"}
{"connectionId":7,"start":1601305434672,"end":1601305434972,"query":"DELETE FROM table;"}
{"connectionId":0,"start":1601305434872,"end":1601305435172,"query":"DELETE FROM table;"}
{"connectionId":8,"start":1601305435072,"end":1601305435372,"query":"DELETE FROM table;"}
{"connectionId":7,"start":1601305435272,"end":1601305435572,"query":"DELETE FROM table;"}
{"connectionId":5,"start":1601305435472,"end":1601305435772,"query":"DELETE FROM table;"}
{"connectionId":2,"start":1601305435672,"end":1601305435972,"query":"DELETE FROM table;"}
{"connectionId":0,"start":1601305435872,"end":1601305436172,"query":"DELETE FROM table;"}
{"connectionId":6,"start":1601305436072,"end":1601305436372,"query":"DELETE FROM table;"}
{"connectionId":2,"start":1601305436272,"end":1601305436572,"query":"DELETE FROM table;"}
{"connectionId":1,"start":1601305436472,"end":1601305436772,"query":"DELETE FROM table;"}
{"connectionId":4,"start":1601305436672,"end":1601305436972,"query":"DELETE FROM table;"}
{"connectionId":4,"start":1601305436872,"end":1601305437172,"query":"DELETE FROM table;"}
{"connectionId":5,"start":1601305437072,"end":1601305437372,"query":"DELETE FROM table;"}
{"connectionId":8,"start":1601305437272,"end":1601305437572,"query":"DELETE FROM table;"}
{"connectionId":7,"start":1601305437472,"end":1601305437772,"query":"DELETE FROM table;"}
{"connectionId":9,"start":1601305437672,"end":1601305437972,"query":"DELETE FROM table;"}
{"connectionId":7,"start":1601305437872,"end":1601305438172,"query":"DELETE FROM table;"}
{"connectionId":1,"start":1601305438072,"end":1601305438372,"query":"DELETE FROM table;"}
{"connectionId":5,"start":1601305438272,"end":1601305438572,"query":"DELETE FROM table;"}
{"connectionId":4,"start":1601305438472,"end":1601305438772,"query":"DELETE FROM table;"}
{"connectionId":4,"start":1601305438672,"end":1601305438972,"query":"DELETE FROM table;"}
{"connectionId":0,"start":1601305438872,"end":1601305439172,"query":"DELETE FROM table;"}
{"connectionId":1,"start":1601305439072,"end":1601305439372,"query":"DELETE FROM table;"}
{"connectionId":3,"start":1601305439272,"end":1601305439572,"query":"DELETE FROM table;"}
{"connectionId":2,"start":1601305439472,"end":1601305439772,"query":"DELETE FROM table;"}
{"connectionId":2,"start":1601305439672,"end":1601305439972,"query":"DELETE FROM table;"}
{"connectionId":7,"start":1601305439872,"end":1601305440172,"query":"DELETE FROM table;"}
{"connectionId":1,"start":1601305440072,"end":1601305440372,"query":"DELETE FROM table;"}
{"connectionId":0,"start":1601305440272,"end":1601305440572,"query":"DELETE FROM table;"}
{"connectionId":6,"start":1601305440472,"end":1601305440772,"query":"DELETE FROM table;"}
{"connectionId":0,"start":1601305440672,"end":1601305440972,"query":"DELETE FROM table;"}
{"connectionId":4,"start":1601305440872,"end":1601305441172,"query":"DELETE FROM table;"}
{"connectionId":3,"start":1601305441072,"end":1601305441372,"query":"DELETE FROM table;"}
{"connectionId":4,"start":1601305441272,"end":1601305441572,"query":"DELETE FROM table;"}
{"connectionId":3,"start":1601305441472,"end":1601305441772,"query":"DELETE FROM table;"}
{"connectionId":0,"start":1601305441672,"end":1601305441972,"query":"DELETE FROM table;"}
{"connectionId":3,"start":1601305441872,"end":1601305442172,"query":"DELETE FROM table;"}
{"connectionId":2,"start":1601305442072,"end":1601305442372,"query":"DELETE FROM table;"}
{"connectionId":7,"start":1601305442272,"end":1601305442572,"query":"DELETE FROM table;"}
{"connectionId":8,"start":1601305442472,"end":1601305442772,"query":"DELETE FROM table;"}
{"connectionId":5,"start":1601305442672,"end":1601305442972,"query":"DELETE FROM table;"}
{"connectionId":7,"start":1601305442872,"end":1601305443172,"query":"DELETE FROM table;"}
{"connectionId":1,"start":1601305443072,"end":1601305443372,"query":"DELETE FROM table;"}
{"connectionId":2,"start":1601305443272,"end":1601305443572,"query":"DELETE FROM table;"}
{"connectionId":3,"start":1601305443472,"end":1601305443772,"query":"DELETE FROM table;"}
{"connectionId":3,"start":1601305443672,"end":1601305443972,"query":"DELETE FROM table;"}
{"connectionId":5,"start":1601305443872,"end":1601305444172,"query":"DELETE FROM table;"}
{"connectionId":7,"start":1601305444072,"end":1601305444372,"query":"DELETE FROM table;"}
{"connectionId":5,"start":1601305444272,"end":1601305444572,"query":"DELETE FROM table;"}
{"connectionId":3,"start":1601305444472,"end":1601305444772,"query":"DELETE FROM table;"}
{"connectionId":2,"start":1601305444672,"end":1601305444972,"query":"DELETE FROM table;"}
{"connectionId":7,"start":1601305444872,"end":1601305445172,"query":"DELETE FROM table;"}
{"connectionId":8,"start":1601305445072,"end":1601305445372,"query":"DELETE FROM table;"}
{"connectionId":1,"start":1601305445272,"end":1601305445572,"query":"DELETE FROM table;"}
{"connectionId":6,"start":1601305445472,"end":1601305445772,"query":"DELETE FROM table;"}
{"connectionId":8,"start":1601305445672,"end":1601305445972,"query":"DELETE FROM table;"}
{"connectionId":9,"start":1601305445872,"end":1601305446172,"query":"DELETE FROM table;"}
{"connectionId":4,"start":1601305446072,"end":1601305446372,"query":"DELETE FROM table;"}
{"connectionId":9,"start":1601305446272,"end":1601305446572,"query":"DELETE FROM table;"}
{"connectionId":8,"start":1601305446472,"end":1601305446772,"query":"DELETE FROM table;"}
{"connectionId":1,"start":1601305446672,"end":1601305446972,"query":"DELETE FROM table;"}
{"connectionId":5,"start":1601305446872,"end":1601305447172,"query":"DELETE FROM table;"}
{"connectionId":8,"start":1601305447072,"end":1601305447372,"query":"DELETE FROM table;"}
{"connectionId":3,"start":1601305447272,"end":1601305447572,"query":"DELETE FROM table;"}
{"connectionId":9,"start":1601305447472,"end":1601305447772,"query":"DELETE FROM table;"}
{"connectionId":8,"start":1601305447672,"end":1601305447972,"query":"DELETE FROM table;"}
{"connectionId":8,"start":1601305447872,"end":1601305448172,"query":"DELETE FROM table;"}
{"connectionId":9,"start":1601305448072,"end":1601305448372,"query":"DELETE FROM table;"}
{"connectionId":3,"start":1601305448272,"end":1601305448572,"query":"DELETE FROM table;"}
{"connectionId":5,"start":1601305448472,"end":1601305448772,"query":"DELETE FROM table;"}
{"connectionId":0,"start":1601305448672,"end":1601305448972,"query":"DELETE FROM table;"}
{"connectionId":5,"start":1601305448872,"end":1601305449172,"query":"DELETE FROM table;"}
{"connectionId":4,"start":1601305449072,"end":1601305449372,"query":"DELETE FROM table;"}
{"connectionId":6,"start":1601305449272,"end":1601305449572,"query":"DELETE FROM table;"}
{"connectionId":2,"start":1601305449472,"end":1601305449772,"query":"DELETE FROM table;"}
{"connectionId":3,"start":1601305449672,"end":1601305449972,"query":"DELETE FROM table;"}
{"connectionId":0,"start":1601305449872,"end":1601305450172,"query":"DELETE FROM table;"}
{"connectionId":8,"start":1601305450072,"end":1601305450372,"query":"DELETE FROM table;"}
{"connectionId":9,"start":1601305450272,"end":1601305450572,"query":"DELETE FROM table;"}
{"connectionId":8,"start":1601305450472,"end":1601305450772,"query":"DELETE FROM table;"}
{"connectionId":4,"start":1601305450672,"end":1601305450972,"query":"DELETE FROM table;"}
{"connectionId":0,"start":1601305450872,"end":1601305451172,"query":"DELETE FROM table;"}
{"connectionId":9,"start":1601305451072,"end":1601305451372,"query":"DELETE FROM table;"}
{"connectionId":1,"start":1601305451272,"end":1601305451572,"query":"DELETE FROM table;"}
{"connectionId":9,"start":1601305451472,"end":1601305451772,"query":"DELETE FROM table;"}
{"connectionId":2,"start":1601305451672,"end":1601305451972,"query":"DELETE FROM table;"}
{"connectionId":6,"start":1601305451872,"end":1601305452172,"query":"DELETE FROM table;"}
{"connectionId":4,"start":1601305452072,"end":1601305452372,"query":"DELETE FROM table;"}
{"connectionId":3,"start":1601305452272,"end":1601305452572,"query":"DELETE FROM table;"}
{"connectionId":4,"start":1601305452472,"end":1601305452772,"query":"DELETE FROM table;"}
{"connectionId":9,"start":1601305452672,"end":1601305452972,"query":"DELETE FROM table;"}
{"connectionId":1,"start":1601305452872,"end":1601305453172,"query":"DELETE FROM table;"}
{"connectionId":8,"start":1601305453072,"end":1601305453372,"query":"DELETE FROM table;"}
{"connectionId":0,"start":1601305453272,"end":1601305453572,"query":"DELETE FROM table;"}
{"connectionId":3,"start":1601305453472,"end":1601305453772,"query":"DELETE FROM table;"}
{"connectionId":2,"start":1601305453672,"end":1601305453972,"query":"DELETE FROM table;"}
{"connectionId":0,"start":1601305453872,"end":1601305454172,"query":"DELETE FROM table;"}
{"connectionId":6,"start":1601305454072,"end":1601305454372,"query":"DELETE FROM table;"}
{"connectionId":3,"start":1601305454272,"end":1601305454572,"query":"DELETE FROM table;"}
{"connectionId":6,"start":1601305454472,"end":1601305454772,"query":"DELETE FROM table;"}
{"connectionId":2,"start":1601305454672,"end":1601305454972,"query":"DELETE FROM table;"}
{"connectionId":2,"start":1601305454872,"end":1601305455172,"query":"DELETE FROM table;"}
{"connectionId":6,"start":1601305455072,"end":1601305455372,"query":"DELETE FROM table;"}
{"connectionId":7,"start":1601305455272,"end":1601305455572,"query":"DELETE FROM table;"}
{"connectionId":2,"start":1601305455472,"end":1601305455772,"query":"DELETE FROM table;"}
{"connectionId":6,"start":1601305455672,"end":1601305455972,"query":"DELETE FROM table;"}
{"connectionId":1,"start":1601305455872,"end":1601305456172,"query":"DELETE FROM table;"}
{"connectionId":8,"start":1601305456072,"end":1601305456372,"query":"DELETE FROM table;"}
{"connectionId":1,"start":1601305456272,"end":1601305456572,"query":"DELETE FROM table;"}
{"connectionId":8,"start":1601305456472,"end":1601305456772,"query":"DELETE FROM table;"}
{"connectionId":9,"start":1601305456672,"end":1601305456972,"query":"DELETE FROM table;"}
{"connectionId":5,"start":1601305456872,"end":1601305457172,"query":"DELETE FROM table;"}
{"connectionId":3,"start":1601305457072,"end":1601305457372,"query":"DELETE FROM table;"}
{"connectionId":8,"start":1601305457272,"end":1601305457572,"query":"DELETE FROM table;"}
{"connectionId":4,"start":1601305457472,"end":1601305457772,"query":"DELETE FROM table;"}
{"connectionId":6,"start":1601305457672,"end":1601305457972,"query":"DELETE FROM table;"}
{"connectionId":2,"start":1601305457872,"end":1601305458172,"query":"DELETE FROM table;"}
{"connectionId":1,"start":1601305458072,"end":1601305458372,"query":"DELETE FROM table;"}
{"connectionId":5,"start":1601305458272,"end":1601305458572,"query":"DELETE FROM table;"}
{"connectionId":0,"start":1601305458472,"end":1601305458772,"query":"DELETE FROM table;"}
{"connectionId":6,"start":1601305458672,"end":1601305458972,"query":"DELETE FROM table;"}
{"connectionId":6,"start":1601305458872,"end":1601305459172,"query":"DELETE FROM table;"}
{"connectionId":4,"start":1601305459072,"end":1601305459372,"query":"DELETE FROM table;"}
{"connectionId":7,"start":1601305459272,"end":1601305459572,"query":"DELETE FROM table;"}
{"connectionId":3,"start":1601305459472,"end":1601305459772,"query":"DELETE FROM table;"}
{"connectionId":5,"start":1601305459672,"end":1601305459972,"query":"DELETE FROM table;"}
{"connectionId":6,"start":1601305459872,"end":1601305460172,"query":"DELETE FROM table;"}
{"connectionId":0,"start":1601305460072,"end":1601305460372,"query":"DELETE FROM table;"}
{"connectionId":3,"start":1601305460272,"end":1601305460572,"query":"DELETE FROM table;"}
{"connectionId":0,"start":1601305460472,"end":1601305460772,"query":"DELETE FROM table;"}
{"connectionId":7,"start":1601305460672,"end":1601305460972,"query":"DELETE FROM table;"}
{"connectionId":8,"start":1601305460872,"end":1601305461172,"query":"DELETE FROM table;"}
{"connectionId":6,"start":1601305461072,"end":1601305461372,"query":"DELETE FROM table;"}
{"connectionId":3,"start":1601305461272,"end":1601305461572,"query":"DELETE FROM table;"}
{"connectionId":0,"start":1601305461472,"end":1601305461772,"query":"DELETE FROM table;"}
{"connectionId":7,"start":1601305461672,"end":1601305461972,"query":"DELETE FROM table;"}
{"connectionId":4,"start":1601305461872,"end":1601305462172,"query":"DELETE FROM table;"}
{"connectionId":0,"start":1601305462072,"end":1601305462372,"query":"DELETE FROM table;"}
{"connectionId":2,"start":1601305462272,"end":1601305462572,"query":"DELETE FROM table;"}
{"connectionId":4,"start":1601305462472,"end":1601305462772,"query":"DELETE FROM table;"}
{"connectionId":1,"start":1601305462672,"end":1601305462972,"query":"DELETE FROM table;"}
{"connectionId":8,"start":1601305462872,"end":1601305463172,"query":"DELETE FROM table;"}
{"connectionId":5,"start":1601305463072,"end":1601305463372,"query":"DELETE FROM table;"}
{"connectionId":9,"start":1601305463272,"end":1601305463572,"query":"DELETE FROM table;"}
{"connectionId":8,"start":1601305463472,"end":1601305463772,"query":"DELETE FROM table;"}
{"connectionId":3,"start":1601305463672,"end":1601305463972,"query":"DELETE FROM table;"}
{"connectionId":7,"start":1601305463872,"end":1601305464172,"query":"DELETE FROM table;"}
{"connectionId":3,"start":1601305464072,"end":1601305464372,"query":"DELETE FROM table;"}
{"connectionId":3,"start":1601305464272,"end":1601305464572,"query":"DELETE FROM table;"}
{"connectionId":3,"start":1601305464472,"end":1601305464772,"query":"DELETE FROM table;"}
{"connectionId":9,"start":1601305464672,"end":1601305464972,"query":"DELETE FROM table;"}
{"connectionId":9,"start":1601305464872,"end":1601305465172,"query":"DELETE FROM table;"}
{"connectionId":6,"start":1601305465072,"end":1601305465372,"query":"DELETE FROM table;"}
{"connectionId":4,"start":1601305465272,"end":1601305465572,"query":"DELETE FROM table;"}
{"connectionId":1,"start":1601305465472,"end":1601305465772,"query":"DELETE FROM table;"}
{"connectionId":3,"start":1601305465672,"end":1601305465972,"query":"DELETE FROM table;"}
{"connectionId":2,"start":1601305465872,"end":1601305466172,"query":"DELETE FROM table;"}
{"connectionId":6,"start":1601305466072,"end":1601305466372,"query":"DELETE FROM table;"}
{"connectionId":1,"start":1601305466272,"end":1601305466572,"query":"DELETE FROM table;"}
{"connectionId":1,"start":1601305466472,"end":1601305466772,"query":"DELETE FROM table;"}
{"connectionId":3,"start":1601305466672,"end":1601305466972,"query":"DELETE FROM table;"}
{"connectionId":5,"start":1601305466872,"end":1601305467172,"query":"DELETE FROM table;"}
{"connectionId":1,"start":1601305467072,"end":1601305467372,"query":"DELETE FROM table;"}
{"connectionId":3,"start":1601305467272,"end":1601305467572,"query":"DELETE FROM table;"}
{"connectionId":7,"start":1601305467472,"end":1601305467772,"query":"DELETE FROM table;"}
{"connectionId":6,"start":1601305467672,"end":1601305467972,"query":"DELETE FROM table;"}
{"connectionId":7,"start":1601305467872,"end":1601305468172,"query":"DELETE FROM table;"}
{"connectionId":6,"start":1601305468072,"end":1601305468372,"query":"DELETE FROM table;"}
{"connectionId":0,"start":1601305468272,"end":1601305468572,"query":"DELETE FROM table;"}
{"connectionId":0,"start":1601305468472,"end":1601305468772,"query":"DELETE FROM table;"}
{"connectionId":3,"start":1601305468672,"end":1601305468972,"query":"DELETE FROM table;"}
{"connectionId":6,"start":1601305468872,"end":1601305469172,"query":"DELETE FROM table;"}
{"connectionId":2,"start":1601305469072,"end":1601305469372,"query":"DELETE FROM table;"}
{"connectionId":8,"start":1601305469272,"end":1601305469572,"query":"DELETE FROM table;"}
{"connectionId":1,"start":1601305469472,"end":1601305469772,"query":"DELETE FROM table;"}
{"connectionId":8,"start":1601305469672,"end":1601305469972,"query":"DELETE FROM table;"}
{"connectionId":8,"start":1601305469872,"end":1601305470172,"query":"DELETE FROM table;"}
{"connectionId":9,"start":1601305470072,"end":1601305470372,"query":"DELETE FROM table;"}
{"connectionId":7,"start":1601305470272,"end":1601305470572,"query":"DELETE FROM table;"}
{"connectionId":5,"start":1601305470472,"end":1601305470772,"query":"DELETE FROM table;"}
{"connectionId":8,"start":1601305470672,"end":1601305470972,"query":"DELETE FROM table;"}
{"connectionId":8,"start":1601305470872,"end":1601305471172,"query":"DELETE FROM table;"}
{"connectionId":8,"start":1601305471072,"end":1601305471372,"query":"DELETE FROM table;"}
{"connectionId":4,"start":1601305471272,"end":1601305471572,"query":"DELETE FROM table;"}
{"connectionId":2,"start":1601305471472,"end":1601305471772,"query":"DELETE FROM table;"}
{"connectionId":5,"start":1601305471672,"end":1601305471972,"query":"DELETE FROM table;"}
{"connectionId":8,"start":1601305471872,"end":1601305472172,"query":"DELETE FROM table;"}
{"connectionId":9,"start":1601305472072,"end":1601305472372,"query":"DELETE FROM table;"}
{"connectionId":7,"start":1601305472272,"end":1601305472572,"query":"DELETE FROM table;"}
{"connectionId":7,"start":1601305472472,"end":1601305472772,"query":"DELETE FROM table;"}
{"connectionId":5,"start":1601305472672,"end":1601305472972,"query":"DELETE FROM table;"}
{"connectionId":1,"start":1601305472872,"end":1601305473172,"query":"DELETE FROM table;"}
{"connectionId":4,"start":1601305473072,"end":1601305473372,"query":"DELETE FROM table;"}
{"connectionId":5,"start":1601305473272,"end":1601305473572,"query":"DELETE FROM table;"}
{"connectionId":6,"start":1601305473472,"end":1601305473772,"query":"DELETE FROM table;"}
{"connectionId":4,"start":1601305473672,"end":1601305473972,"query":"DELETE FROM table;"}
{"connectionId":3,"start":1601305473872,"end":1601305474172,"query":"DELETE FROM table;"}
{"connectionId":8,"start":1601305474072,"end":1601305474372,"query":"DELETE FROM table;"}
{"connectionId":5,"start":1601305474272,"end":1601305474572,"query":"DELETE FROM table;"}
{"connectionId":8,"start":1601305474472,"end":1601305474772,"query":"DELETE FROM table;"}
{"connectionId":0,"start":1601305474672,"end":1601305474972,"query":"DELETE FROM table;"}
{"connectionId":3,"start":1601305474872,"end":1601305475172,"query":"DELETE FROM table;"}
{"connectionId":3,"start":1601305475072,"end":1601305475372,"query":"DELETE FROM table;"}
{"connectionId":6,"start":1601305475272,"end":1601305475572,"query":"DELETE FROM table;"}
{"connectionId":1,"start":1601305475472,"end":1601305475772,"query":"DELETE FROM table;"}
{"connectionId":7,"start":1601305475672,"end":1601305475972,"query":"DELETE FROM table;"}
{"connectionId":8,"start":1601305475872,"end":1601305476172,"query":"DELETE FROM table;"}
{"connectionId":5,"start":1601305476072,"end":1601305476372,"query":"DELETE FROM table;"}
{"connectionId":4,"start":1601305476272,"end":1601305476572,"query":"DELETE FROM table;"}
{"connectionId":9,"start":1601305476472,"end":1601305476772,"query":"DELETE FROM table;"}
{"connectionId":3,"start":1601305476672,"end":1601305476972,"query":"DELETE FROM table;"}
{"connectionId":0,"start":1601305476872,"end":1601305477172,"query":"DELETE FROM table;"}
{"connectionId":5,"start":1601305477072,"end":1601305477372,"query":"DELETE FROM table;"}
{"connectionId":9,"start":1601305477272,"end":1601305477572,"query":"DELETE FROM table;"}
{"connectionId":1,"start":1601305477472,"end":1601305477772,"query":"DELETE FROM table;"}
{"connectionId":2,"start":1601305477672,"end":1601305477972,"query":"DELETE FROM table;"}
{"connectionId":4,"start":1601305477872,"end":1601305478172,"query":"DELETE FROM table;"}
{"connectionId":8,"start":1601305478072,"end":1601305478372,"query":"DELETE FROM table;"}
{"connectionId":9,"start":1601305478272,"end":1601305478572,"query":"DELETE FROM table;"}
{"connectionId":4,"start":1601305478472,"end":1601305478772,"query":"DELETE FROM table;"}
{"connectionId":6,"start":1601305478672,"end":1601305478972,"query":"DELETE FROM table;"}
{"connectionId":1,"start":1601305478872,"end":1601305479172,"query":"DELETE FROM table;"}
{"connectionId":3,"start":1601305479072,"end":1601305479372,"query":"DELETE FROM table;"}
{"connectionId":1,"start":1601305479272,"end":1601305479572,"query":"DELETE FROM table;"}
{"connectionId":2,"start":1601305479472,"end":1601305479772,"query":"DELETE FROM table;"}
{"connectionId":3,"start":1601305479672,"end":1601305479972,"query":"DELETE FROM table;"}
{"connectionId":6,"start":1601305479872,"end":1601305480172,"query":"DELETE FROM table;"}
{"connectionId":4,"start":1601305480072,"end":1601305480372,"query":"DELETE FROM table;"}
{"connectionId":4,"start":1601305480272,"end":1601305480572,"query":"DELETE FROM table;"}
{"connectionId":4,"start":1601305480472,"end":1601305480772,"query":"DELETE FROM table;"}
{"connectionId":9,"start":1601305480672,"end":1601305480972,"query":"DELETE FROM table;"}
{"connectionId":7,"start":1601305480872,"end":1601305481172,"query":"DELETE FROM table;"}
{"connectionId":1,"start":1601305481072,"end":1601305481372,"query":"DELETE FROM table;"}
{"connectionId":7,"start":1601305481272,"end":1601305481572,"query":"DELETE FROM table;"}
{"connectionId":2,"start":1601305481472,"end":1601305481772,"query":"DELETE FROM table;"}
{"connectionId":9,"start":1601305481672,"end":1601305481972,"query":"DELETE FROM table;"}
{"connectionId":7,"start":1601305481872,"end":1601305482172,"query":"DELETE FROM table;"}
{"connectionId":4,"start":1601305482072,"end":1601305482372,"query":"DELETE FROM table;"}
{"connectionId":4,"start":1601305482272,"end":1601305482572,"query":"DELETE FROM table;"}
{"connectionId":6,"start":1601305482472,"end":1601305482772,"query":"DELETE FROM table;"}
{"connectionId":5,"start":1601305482672,"end":1601305482972,"query":"DELETE FROM table;"}
{"connectionId":8,"start":1601305482872,"end":1601305483172,"query":"DELETE FROM table;"}
{"connectionId":1,"start":1601305483072,"end":1601305483372,"query":"DELETE FROM table;"}
{"connectionId":1,"start":1601305483272,"end":1601305483572,"query":"DELETE FROM table;"}
{"connectionId":9,"start":1601305483472,"end":1601305483772,"query":"DELETE FROM table;"}
{"connectionId":9,"start":1601305483672,"end":1601305483972,"query":"DELETE FROM table;"}
{"connectionId":9,"start":1601305483872,"end":1601305484172,"query":"DELETE FROM table;"}
{"connectionId":3,"start":1601305484072,"end":1601305484372,"query":"DELETE FROM table;"}
{"connectionId":1,"start":1601305484272,"end":1601305484572,"query":"DELETE FROM table;"}
{"connectionId":2,"start":1601305484472,"end":1601305484772,"query":"DELETE FROM table;"}
{"connectionId":1,"start":1601305484672,"end":1601305484972,"query":"DELETE FROM table;"}
{"connectionId":7,"start":1601305484872,"end":1601305485172,"query":"DELETE FROM table;"}
{"connectionId":7,"start":1601305485072,"end":1601305485372,"query":"DELETE FROM table;"}
{"connectionId":1,"start":1601305485272,"end":1601305485572,"query":"DELETE FROM table;"}
{"connectionId":6,"start":1601305485472,"end":1601305485772,"query":"DELETE FROM table;"}
{"connectionId":1,"start":1601305485672,"end":1601305485972,"query":"DELETE FROM table;"}
{"connectionId":0,"start":1601305485872,"end":1601305486172,"query":"DELETE FROM table;"}
{"connectionId":8,"start":1601305486072,"end":1601305486372,"query":"DELETE FROM table;"}
{"connectionId":1,"start":1601305486272,"end":1601305486572,"query":"DELETE FROM table;"}
{"connectionId":1,"start":1601305486472,"end":1601305486772,"query":"DELETE FROM table;"}
{"connectionId":3,"start":1601305486672,"end":1601305486972,"query":"DELETE FROM table;"}
{"connectionId":6,"start":1601305486872,"end":1601305487172,"query":"DELETE FROM table;"}
{"connectionId":3,"start":1601305487072,"end":1601305487372,"query":"DELETE FROM table;"}
{"connectionId":6,"start":1601305487272,"end":1601305487572,"query":"DELETE FROM table;"}
{"connectionId":4,"start":1601305487472,"end":1601305487772,"query":"DELETE FROM table;"}
{"connectionId":8,"start":1601305487672,"end":1601305487972,"query":"DELETE FROM table;"}
{"connectionId":9,"start":1601305487872,"end":1601305488172,"query":"DELETE FROM table;"}
{"connectionId":4,"start":1601305488072,"end":1601305488372,"query":"DELETE FROM table;"}
{"connectionId":7,"start":1601305488272,"end":1601305488572,"query":"DELETE FROM table;"}
{"connectionId":1,"start":1601305488472,"end":1601305488772,"query":"DELETE FROM table;"}
{"connectionId":0,"start":1601305488672,"end":1601305488972,"query":"DELETE FROM table;"}
{"connectionId":6,"start":1601305488872,"end":1601305489172,"query":"DELETE FROM table;"}
{"connectionId":7,"start":1601305489072,"end":1601305489372,"query":"DELETE FROM table;"}
{"connectionId":1,"start":1601305489272,"end":1601305489572,"query":"DELETE FROM table;"}
{"connectionId":5,"start":1601305489472,"end":1601305489772,"query":"DELETE FROM table;"}
{"connectionId":3,"start":1601305489672,"end":1601305489972,"query":"DELETE FROM table;"}
{"connectionId":5,"start":1601305489872,"end":1601305490172,"query":"DELETE FROM table;"}
{"connectionId":9,"start":1601305490072,"end":1601305490372,"query":"DELETE FROM table;"}
{"connectionId":3,"start":1601305490272,"end":1601305490572,"query":"DELETE FROM table;"}
{"connectionId":5,"start":1601305490472,"end":1601305490772,"query":"DELETE FROM table;"}
{"connectionId":1,"start":1601305490672,"end":1601305490972,"query":"DELETE FROM table;"}
{"connectionId":7,"start":1601305490872,"end":1601305491172,"query":"DELETE FROM table;"}
{"connectionId":7,"start":1601305491072,"end":1601305491372,"query":"DELETE FROM table;"}
{"connectionId":0,"start":1601305491272,"end":1601305491572,"query":"DELETE FROM table;"}
{"connectionId":8,"start":1601305491472,"end":1601305491772,"query":"DELETE FROM table;"}
{"connectionId":1,"start":1601305491672,"end":1601305491972,"query":"DELETE FROM table;"}
{"connectionId":6,"start":1601305491872,"end":1601305492172,"query":"DELETE FROM table;"}
{"connectionId":3,"start":1601305492072,"end":1601305492372,"query":"DELETE FROM table;"}
{"connectionId":9,"start":1601305492272,"end":1601305492572,"query":"DELETE FROM table;"}
{"connectionId":0,"start":1601305492472,"end":1601305492772,"query":"DELETE FROM table;"}
{"connectionId":6,"start":1601305492672,"end":1601305492972,"query":"DELETE FROM table;"}
{"connectionId":7,"start":1601305492872,"end":1601305493172,"query":"DELETE FROM table;"}
{"connectionId":9,"start":1601305493072,"end":1601305493372,"query":"DELETE FROM table;"}
{"connectionId":0,"start":1601305493272,"end":1601305493572,"query":"DELETE FROM table;"}
{"connectionId":4,"start":1601305493472,"end":1601305493772,"query":"DELETE FROM table;"}
{"connectionId":3,"start":1601305493672,"end":1601305493972,"query":"DELETE FROM table;"}
{"connectionId":8,"start":1601305493872,"end":1601305494172,"query":"DELETE FROM table;"}
{"connectionId":3,"start":1601305494072,"end":1601305494372,"query":"DELETE FROM table;"}
{"connectionId":7,"start":1601305494272,"end":1601305494572,"query":"DELETE FROM table;"}
{"connectionId":1,"start":1601305494472,"end":1601305494772,"query":"DELETE FROM table;"}
{"connectionId":3,"start":1601305494672,"end":1601305494972,"query":"DELETE FROM table;"}
{"connectionId":7,"start":1601305494872,"end":1601305495172,"query":"DELETE FROM table;"}
{"connectionId":8,"start":1601305495072,"end":1601305495372,"query":"DELETE FROM table;"}
{"connectionId":3,"start":1601305495272,"end":1601305495572,"query":"DELETE FROM table;"}
{"connectionId":3,"start":1601305495472,"end":1601305495772,"query":"DELETE FROM table;"}
{"connectionId":3,"start":1601305495672,"end":1601305495972,"query":"DELETE FROM table;"}
{"connectionId":4,"start":1601305495872,"end":1601305496172,"query":"DELETE FROM table;"}
{"connectionId":5,"start":1601305496072,"end":1601305496372,"query":"DELETE FROM table;"}
{"connectionId":1,"start":1601305496272,"end":1601305496572,"query":"DELETE FROM table;"}
{"connectionId":9,"start":1601305496472,"end":1601305496772,"query":"DELETE FROM table;"}
{"connectionId":8,"start":1601305496672,"end":1601305496972,"query":"DELETE FROM table;"}
{"connectionId":0,"start":1601305496872,"end":1601305497172,"query":"DELETE FROM table;"}
{"connectionId":6,"start":1601305497072,"end":1601305497372,"query":"DELETE FROM table;"}
{"connectionId":1,"start":1601305497272,"end":1601305497572,"query":"DELETE FROM table;"}
{"connectionId":3,"start":1601305497472,"end":1601305497772,"query":"DELETE FROM table;"}
{"connectionId":6,"start":1601305497672,"end":1601305497972,"query":"DELETE FROM table;"}
{"connectionId":1,"start":1601305497872,"end":1601305498172,"query":"DELETE FROM table;"}
{"connectionId":0,"start":1601305498072,"end":1601305498372,"query":"DELETE FROM table;"}
{"connectionId":9,"start":1601305498272,"end":1601305498572,"query":"DELETE FROM table;"}
{"connectionId":8,"start":1601305498472,"end":1601305498772,"query":"DELETE FROM table;"}
{"connectionId":9,"start":1601305498672,"end":1601305498972,"query":"DELETE FROM table;"}
{"connectionId":8,"start":1601305498872,"end":1601305499172,"query":"DELETE FROM table;"}
{"connectionId":4,"start":1601305499072,"end":1601305499372,"query":"DELETE FROM table;"}
{"connectionId":1,"start":1601305499272,"end":1601305499572,"query":"DELETE FROM table;"}
{"connectionId":3,"start":1601305499472,"end":1601305499772,"query":"DELETE FROM table;"}
{"connectionId":3,"start":1601305499672,"end":1601305499972,"query":"DELETE FROM table;"}
{"connectionId":0,"start":1601305499872,"end":1601305500172,"query":"DELETE FROM table;"}
{"connectionId":6,"start":1601305500072,"end":1601305500372,"query":"DELETE FROM table;"}
{"connectionId":3,"start":1601305500272,"end":1601305500572,"query":"DELETE FROM table;"}
{"connectionId":9,"start":1601305500472,"end":1601305500772,"query":"DELETE FROM table;"}
{"connectionId":8,"start":1601305500672,"end":1601305500972,"query":"DELETE FROM table;"}
{"connectionId":3,"start":1601305500872,"end":1601305501172,"query":"DELETE FROM table;"}
{"connectionId":0,"start":1601305501072,"end":1601305501372,"query":"DELETE FROM table;"}
{"connectionId":7,"start":1601305501272,"end":1601305501572,"query":"DELETE FROM table;"}
{"connectionId":1,"start":1601305501472,"end":1601305501772,"query":"DELETE FROM table;"}
{"connectionId":9,"start":1601305501672,"end":1601305501972,"query":"DELETE FROM table;"}
{"connectionId":2,"start":1601305501872,"end":1601305502172,"query":"DELETE FROM table;"}
{"connectionId":5,"start":1601305502072,"end":1601305502372,"query":"DELETE FROM table;"}